running egg_info
writing ../../build/my_ur_control/my_ur_control.egg-info/PKG-INFO
writing dependency_links to ../../build/my_ur_control/my_ur_control.egg-info/dependency_links.txt
writing entry points to ../../build/my_ur_control/my_ur_control.egg-info/entry_points.txt
writing requirements to ../../build/my_ur_control/my_ur_control.egg-info/requires.txt
writing top-level names to ../../build/my_ur_control/my_ur_control.egg-info/top_level.txt
reading manifest file '../../build/my_ur_control/my_ur_control.egg-info/SOURCES.txt'
writing manifest file '../../build/my_ur_control/my_ur_control.egg-info/SOURCES.txt'
running build
running build_py
copying my_ur_control/ur5_test.py -> /home/jhkim/ros2_ws/build/my_ur_control/build/lib/my_ur_control
running install
running install_lib
copying /home/jhkim/ros2_ws/build/my_ur_control/build/lib/my_ur_control/ur5_test.py -> /home/jhkim/ros2_ws/install/my_ur_control/lib/python3.10/site-packages/my_ur_control
byte-compiling /home/jhkim/ros2_ws/install/my_ur_control/lib/python3.10/site-packages/my_ur_control/ur5_test.py to ur5_test.cpython-310.pyc
running install_data
running install_egg_info
removing '/home/jhkim/ros2_ws/install/my_ur_control/lib/python3.10/site-packages/my_ur_control-0.0.0-py3.10.egg-info' (and everything under it)
Copying ../../build/my_ur_control/my_ur_control.egg-info to /home/jhkim/ros2_ws/install/my_ur_control/lib/python3.10/site-packages/my_ur_control-0.0.0-py3.10.egg-info
running install_scripts
Installing ur5_test script to /home/jhkim/ros2_ws/install/my_ur_control/lib/my_ur_control
writing list of installed files to '/home/jhkim/ros2_ws/build/my_ur_control/install.log'
