[0.007s] Invoking command in '/home/jhkim/ros2_ws/build/ur_bringup': AMENT_PREFIX_PATH=/home/jhkim/ros2_ws/install/ur_controllers:/home/jhkim/ros2_ws/install/ur_dashboard_msgs:${AMENT_PREFIX_PATH} CMAKE_PREFIX_PATH=/home/jhkim/ros2_ws/install/ur_controllers:/home/jhkim/ros2_ws/install/ur_dashboard_msgs:/opt/ros/humble LD_LIBRARY_PATH=/home/jhkim/ros2_ws/install/ur_controllers/lib:/home/jhkim/ros2_ws/install/ur_dashboard_msgs/lib:${LD_LIBRARY_PATH} PYTHONPATH=/home/jhkim/ros2_ws/install/ur_dashboard_msgs/local/lib/python3.10/dist-packages:${PYTHONPATH} /usr/bin/cmake /home/jhkim/ros2_ws/src/Universal_Robots_ROS2_Driver/ur_bringup -DAMENT_CMAKE_SYMLINK_INSTALL=1 -DCMAKE_INSTALL_PREFIX=/home/jhkim/ros2_ws/install/ur_bringup
[0.039s] -- The C compiler identification is GNU 11.4.0
[0.072s] -- The CXX compiler identification is GNU 11.4.0
[0.076s] -- Detecting C compiler ABI info
[0.115s] -- Detecting C compiler ABI info - done
[0.118s] -- Check for working C compiler: /usr/bin/cc - skipped
[0.119s] -- Detecting C compile features
[0.119s] -- Detecting C compile features - done
[0.120s] -- Detecting CXX compiler ABI info
[0.168s] -- Detecting CXX compiler ABI info - done
[0.172s] -- Check for working CXX compiler: /usr/bin/c++ - skipped
[0.172s] -- Detecting CXX compile features
[0.172s] -- Detecting CXX compile features - done
[0.174s] -- Found ament_cmake: 1.3.12 (/opt/ros/humble/share/ament_cmake/cmake)
[0.259s] -- Found Python3: /usr/bin/python3 (found version "3.10.12") found components: Interpreter 
[0.291s] -- Override CMake install command with custom implementation using symlinks instead of copying resources
[0.344s] -- Configuring done
[0.345s] -- Generating done
[0.346s] -- Build files have been written to: /home/jhkim/ros2_ws/build/ur_bringup
[0.349s] Invoked command in '/home/jhkim/ros2_ws/build/ur_bringup' returned '0': AMENT_PREFIX_PATH=/home/jhkim/ros2_ws/install/ur_controllers:/home/jhkim/ros2_ws/install/ur_dashboard_msgs:${AMENT_PREFIX_PATH} CMAKE_PREFIX_PATH=/home/jhkim/ros2_ws/install/ur_controllers:/home/jhkim/ros2_ws/install/ur_dashboard_msgs:/opt/ros/humble LD_LIBRARY_PATH=/home/jhkim/ros2_ws/install/ur_controllers/lib:/home/jhkim/ros2_ws/install/ur_dashboard_msgs/lib:${LD_LIBRARY_PATH} PYTHONPATH=/home/jhkim/ros2_ws/install/ur_dashboard_msgs/local/lib/python3.10/dist-packages:${PYTHONPATH} /usr/bin/cmake /home/jhkim/ros2_ws/src/Universal_Robots_ROS2_Driver/ur_bringup -DAMENT_CMAKE_SYMLINK_INSTALL=1 -DCMAKE_INSTALL_PREFIX=/home/jhkim/ros2_ws/install/ur_bringup
[0.350s] Invoking command in '/home/jhkim/ros2_ws/build/ur_bringup': AMENT_PREFIX_PATH=/home/jhkim/ros2_ws/install/ur_controllers:/home/jhkim/ros2_ws/install/ur_dashboard_msgs:${AMENT_PREFIX_PATH} CMAKE_PREFIX_PATH=/home/jhkim/ros2_ws/install/ur_controllers:/home/jhkim/ros2_ws/install/ur_dashboard_msgs:/opt/ros/humble LD_LIBRARY_PATH=/home/jhkim/ros2_ws/install/ur_controllers/lib:/home/jhkim/ros2_ws/install/ur_dashboard_msgs/lib:${LD_LIBRARY_PATH} PYTHONPATH=/home/jhkim/ros2_ws/install/ur_dashboard_msgs/local/lib/python3.10/dist-packages:${PYTHONPATH} /usr/bin/cmake --build /home/jhkim/ros2_ws/build/ur_bringup -- -j32 -l32
[0.375s] Invoked command in '/home/jhkim/ros2_ws/build/ur_bringup' returned '0': AMENT_PREFIX_PATH=/home/jhkim/ros2_ws/install/ur_controllers:/home/jhkim/ros2_ws/install/ur_dashboard_msgs:${AMENT_PREFIX_PATH} CMAKE_PREFIX_PATH=/home/jhkim/ros2_ws/install/ur_controllers:/home/jhkim/ros2_ws/install/ur_dashboard_msgs:/opt/ros/humble LD_LIBRARY_PATH=/home/jhkim/ros2_ws/install/ur_controllers/lib:/home/jhkim/ros2_ws/install/ur_dashboard_msgs/lib:${LD_LIBRARY_PATH} PYTHONPATH=/home/jhkim/ros2_ws/install/ur_dashboard_msgs/local/lib/python3.10/dist-packages:${PYTHONPATH} /usr/bin/cmake --build /home/jhkim/ros2_ws/build/ur_bringup -- -j32 -l32
[0.375s] Invoking command in '/home/jhkim/ros2_ws/build/ur_bringup': AMENT_PREFIX_PATH=/home/jhkim/ros2_ws/install/ur_controllers:/home/jhkim/ros2_ws/install/ur_dashboard_msgs:${AMENT_PREFIX_PATH} CMAKE_PREFIX_PATH=/home/jhkim/ros2_ws/install/ur_controllers:/home/jhkim/ros2_ws/install/ur_dashboard_msgs:/opt/ros/humble LD_LIBRARY_PATH=/home/jhkim/ros2_ws/install/ur_controllers/lib:/home/jhkim/ros2_ws/install/ur_dashboard_msgs/lib:${LD_LIBRARY_PATH} PYTHONPATH=/home/jhkim/ros2_ws/install/ur_dashboard_msgs/local/lib/python3.10/dist-packages:${PYTHONPATH} /usr/bin/cmake --install /home/jhkim/ros2_ws/build/ur_bringup
[0.379s] -- Install configuration: ""
[0.380s] -- Execute custom install script
[0.380s] -- Symlinking: /home/jhkim/ros2_ws/install/ur_bringup/share/ur_bringup/config/test_goal_publishers_config.yaml
[0.385s] -- Symlinking: /home/jhkim/ros2_ws/install/ur_bringup/share/ur_bringup/config/test_velocity_goal_publishers_config.yaml
[0.391s] -- Symlinking: /home/jhkim/ros2_ws/install/ur_bringup/share/ur_bringup/config/ur10_update_rate.yaml
[0.397s] -- Symlinking: /home/jhkim/ros2_ws/install/ur_bringup/share/ur_bringup/config/ur10e_update_rate.yaml
[0.402s] -- Symlinking: /home/jhkim/ros2_ws/install/ur_bringup/share/ur_bringup/config/ur16e_update_rate.yaml
[0.408s] -- Symlinking: /home/jhkim/ros2_ws/install/ur_bringup/share/ur_bringup/config/ur18_update_rate.yaml
[0.413s] -- Symlinking: /home/jhkim/ros2_ws/install/ur_bringup/share/ur_bringup/config/ur3_update_rate.yaml
[0.419s] -- Symlinking: /home/jhkim/ros2_ws/install/ur_bringup/share/ur_bringup/config/ur3e_update_rate.yaml
[0.424s] -- Symlinking: /home/jhkim/ros2_ws/install/ur_bringup/share/ur_bringup/config/ur5_update_rate.yaml
[0.430s] -- Symlinking: /home/jhkim/ros2_ws/install/ur_bringup/share/ur_bringup/config/ur5e_update_rate.yaml
[0.435s] -- Symlinking: /home/jhkim/ros2_ws/install/ur_bringup/share/ur_bringup/config/ur8long_update_rate.yaml
[0.441s] -- Symlinking: /home/jhkim/ros2_ws/install/ur_bringup/share/ur_bringup/config/ur_controllers.yaml
[0.447s] -- Symlinking: /home/jhkim/ros2_ws/install/ur_bringup/share/ur_bringup/launch/test_forward_velocity_controller.launch.py
[0.452s] -- Symlinking: /home/jhkim/ros2_ws/install/ur_bringup/share/ur_bringup/launch/test_joint_trajectory_controller.launch.py
[0.458s] -- Symlinking: /home/jhkim/ros2_ws/install/ur_bringup/share/ur_bringup/launch/test_scaled_joint_trajectory_controller.launch.py
[0.463s] -- Symlinking: /home/jhkim/ros2_ws/install/ur_bringup/share/ur_bringup/launch/ur10.launch.py
[0.469s] -- Symlinking: /home/jhkim/ros2_ws/install/ur_bringup/share/ur_bringup/launch/ur10e.launch.py
[0.474s] -- Symlinking: /home/jhkim/ros2_ws/install/ur_bringup/share/ur_bringup/launch/ur12e.launch.py
[0.481s] -- Symlinking: /home/jhkim/ros2_ws/install/ur_bringup/share/ur_bringup/launch/ur15.launch.py
[0.486s] -- Symlinking: /home/jhkim/ros2_ws/install/ur_bringup/share/ur_bringup/launch/ur16e.launch.py
[0.492s] -- Symlinking: /home/jhkim/ros2_ws/install/ur_bringup/share/ur_bringup/launch/ur18.launch.py
[0.497s] -- Symlinking: /home/jhkim/ros2_ws/install/ur_bringup/share/ur_bringup/launch/ur20.launch.py
[0.503s] -- Symlinking: /home/jhkim/ros2_ws/install/ur_bringup/share/ur_bringup/launch/ur3.launch.py
[0.508s] -- Symlinking: /home/jhkim/ros2_ws/install/ur_bringup/share/ur_bringup/launch/ur30.launch.py
[0.513s] -- Symlinking: /home/jhkim/ros2_ws/install/ur_bringup/share/ur_bringup/launch/ur3e.launch.py
[0.519s] -- Symlinking: /home/jhkim/ros2_ws/install/ur_bringup/share/ur_bringup/launch/ur5.launch.py
[0.524s] -- Symlinking: /home/jhkim/ros2_ws/install/ur_bringup/share/ur_bringup/launch/ur5e.launch.py
[0.530s] -- Symlinking: /home/jhkim/ros2_ws/install/ur_bringup/share/ur_bringup/launch/ur7e.launch.py
[0.535s] -- Symlinking: /home/jhkim/ros2_ws/install/ur_bringup/share/ur_bringup/launch/ur8long.launch.py
[0.541s] -- Symlinking: /home/jhkim/ros2_ws/install/ur_bringup/share/ur_bringup/launch/ur_control.launch.py
[0.546s] -- Symlinking: /home/jhkim/ros2_ws/install/ur_bringup/share/ur_bringup/launch/ur_dashboard_client.launch.py
[0.551s] -- Symlinking: /home/jhkim/ros2_ws/install/ur_bringup/lib/ur_bringup/start_ursim.sh
[0.557s] -- Symlinking: /home/jhkim/ros2_ws/install/ur_bringup/share/ament_index/resource_index/package_run_dependencies/ur_bringup
[0.562s] -- Symlinking: /home/jhkim/ros2_ws/install/ur_bringup/share/ament_index/resource_index/parent_prefix_path/ur_bringup
[0.566s] -- Symlinking: /home/jhkim/ros2_ws/install/ur_bringup/share/ur_bringup/environment/ament_prefix_path.sh
[0.572s] -- Symlinking: /home/jhkim/ros2_ws/install/ur_bringup/share/ur_bringup/environment/ament_prefix_path.dsv
[0.577s] -- Symlinking: /home/jhkim/ros2_ws/install/ur_bringup/share/ur_bringup/environment/path.sh
[0.581s] -- Symlinking: /home/jhkim/ros2_ws/install/ur_bringup/share/ur_bringup/environment/path.dsv
[0.586s] -- Symlinking: /home/jhkim/ros2_ws/install/ur_bringup/share/ur_bringup/local_setup.bash
[0.591s] -- Symlinking: /home/jhkim/ros2_ws/install/ur_bringup/share/ur_bringup/local_setup.sh
[0.595s] -- Symlinking: /home/jhkim/ros2_ws/install/ur_bringup/share/ur_bringup/local_setup.zsh
[0.600s] -- Symlinking: /home/jhkim/ros2_ws/install/ur_bringup/share/ur_bringup/local_setup.dsv
[0.606s] -- Symlinking: /home/jhkim/ros2_ws/install/ur_bringup/share/ur_bringup/package.dsv
[0.611s] -- Symlinking: /home/jhkim/ros2_ws/install/ur_bringup/share/ament_index/resource_index/packages/ur_bringup
[0.615s] -- Symlinking: /home/jhkim/ros2_ws/install/ur_bringup/share/ur_bringup/cmake/ur_bringupConfig.cmake
[0.621s] -- Symlinking: /home/jhkim/ros2_ws/install/ur_bringup/share/ur_bringup/cmake/ur_bringupConfig-version.cmake
[0.626s] -- Symlinking: /home/jhkim/ros2_ws/install/ur_bringup/share/ur_bringup/package.xml
[0.634s] Invoked command in '/home/jhkim/ros2_ws/build/ur_bringup' returned '0': AMENT_PREFIX_PATH=/home/jhkim/ros2_ws/install/ur_controllers:/home/jhkim/ros2_ws/install/ur_dashboard_msgs:${AMENT_PREFIX_PATH} CMAKE_PREFIX_PATH=/home/jhkim/ros2_ws/install/ur_controllers:/home/jhkim/ros2_ws/install/ur_dashboard_msgs:/opt/ros/humble LD_LIBRARY_PATH=/home/jhkim/ros2_ws/install/ur_controllers/lib:/home/jhkim/ros2_ws/install/ur_dashboard_msgs/lib:${LD_LIBRARY_PATH} PYTHONPATH=/home/jhkim/ros2_ws/install/ur_dashboard_msgs/local/lib/python3.10/dist-packages:${PYTHONPATH} /usr/bin/cmake --install /home/jhkim/ros2_ws/build/ur_bringup
