[0.321s] Invoking command in '/home/jhkim/ros2_ws/build/my_ur_control': PYTHONPATH=/home/jhkim/ros2_ws/build/my_ur_control/prefix_override:/usr/lib/python3/dist-packages/colcon_core/task/python/colcon_distutils_commands:/home/jhkim/ros2_ws/install/my_ur_control/lib/python3.10/site-packages:${PYTHONPATH} /usr/bin/python3 -W ignore:setup.py install is deprecated -W ignore:easy_install command is deprecated setup.py develop --uninstall --editable --build-directory /home/jhkim/ros2_ws/build/my_ur_control/build
[0.442s] running develop
[0.512s] Removing /home/jhkim/ros2_ws/install/my_ur_control/lib/python3.10/site-packages/my-ur-control.egg-link (link to .)
[0.532s] Invoked command in '/home/jhkim/ros2_ws/build/my_ur_control' returned '0': PYTHONPATH=/home/jhkim/ros2_ws/build/my_ur_control/prefix_override:/usr/lib/python3/dist-packages/colcon_core/task/python/colcon_distutils_commands:/home/jhkim/ros2_ws/install/my_ur_control/lib/python3.10/site-packages:${PYTHONPATH} /usr/bin/python3 -W ignore:setup.py install is deprecated -W ignore:easy_install command is deprecated setup.py develop --uninstall --editable --build-directory /home/jhkim/ros2_ws/build/my_ur_control/build
[0.533s] Invoking command in '/home/jhkim/ros2_ws/src/my_ur_control': PYTHONPATH=/home/jhkim/ros2_ws/build/my_ur_control/prefix_override:/usr/lib/python3/dist-packages/colcon_core/task/python/colcon_distutils_commands:/home/jhkim/ros2_ws/install/my_ur_control/lib/python3.10/site-packages:${PYTHONPATH} /usr/bin/python3 -W ignore:setup.py install is deprecated -W ignore:easy_install command is deprecated setup.py egg_info --egg-base ../../build/my_ur_control build --build-base /home/jhkim/ros2_ws/build/my_ur_control/build install --record /home/jhkim/ros2_ws/build/my_ur_control/install.log --single-version-externally-managed install_data --force
[0.639s] running egg_info
[0.639s] writing ../../build/my_ur_control/my_ur_control.egg-info/PKG-INFO
[0.639s] writing dependency_links to ../../build/my_ur_control/my_ur_control.egg-info/dependency_links.txt
[0.639s] writing entry points to ../../build/my_ur_control/my_ur_control.egg-info/entry_points.txt
[0.639s] writing requirements to ../../build/my_ur_control/my_ur_control.egg-info/requires.txt
[0.639s] writing top-level names to ../../build/my_ur_control/my_ur_control.egg-info/top_level.txt
[0.640s] reading manifest file '../../build/my_ur_control/my_ur_control.egg-info/SOURCES.txt'
[0.641s] writing manifest file '../../build/my_ur_control/my_ur_control.egg-info/SOURCES.txt'
[0.641s] running build
[0.641s] running build_py
[0.641s] running install
[0.641s] running install_lib
[0.641s] creating /home/jhkim/ros2_ws/install/my_ur_control/lib/python3.10/site-packages/my_ur_control
[0.641s] copying /home/jhkim/ros2_ws/build/my_ur_control/build/lib/my_ur_control/ur5_test.py -> /home/jhkim/ros2_ws/install/my_ur_control/lib/python3.10/site-packages/my_ur_control
[0.648s] copying /home/jhkim/ros2_ws/build/my_ur_control/build/lib/my_ur_control/__init__.py -> /home/jhkim/ros2_ws/install/my_ur_control/lib/python3.10/site-packages/my_ur_control
[0.648s] byte-compiling /home/jhkim/ros2_ws/install/my_ur_control/lib/python3.10/site-packages/my_ur_control/ur5_test.py to ur5_test.cpython-310.pyc
[0.648s] byte-compiling /home/jhkim/ros2_ws/install/my_ur_control/lib/python3.10/site-packages/my_ur_control/__init__.py to __init__.cpython-310.pyc
[0.649s] running install_data
[0.649s] copying resource/my_ur_control -> /home/jhkim/ros2_ws/install/my_ur_control/share/ament_index/resource_index/packages
[0.649s] copying package.xml -> /home/jhkim/ros2_ws/install/my_ur_control/share/my_ur_control
[0.649s] running install_egg_info
[0.650s] Copying ../../build/my_ur_control/my_ur_control.egg-info to /home/jhkim/ros2_ws/install/my_ur_control/lib/python3.10/site-packages/my_ur_control-0.0.0-py3.10.egg-info
[0.650s] running install_scripts
[0.660s] Installing ur5_test script to /home/jhkim/ros2_ws/install/my_ur_control/lib/my_ur_control
[0.660s] writing list of installed files to '/home/jhkim/ros2_ws/build/my_ur_control/install.log'
[0.672s] Invoked command in '/home/jhkim/ros2_ws/src/my_ur_control' returned '0': PYTHONPATH=/home/jhkim/ros2_ws/build/my_ur_control/prefix_override:/usr/lib/python3/dist-packages/colcon_core/task/python/colcon_distutils_commands:/home/jhkim/ros2_ws/install/my_ur_control/lib/python3.10/site-packages:${PYTHONPATH} /usr/bin/python3 -W ignore:setup.py install is deprecated -W ignore:easy_install command is deprecated setup.py egg_info --egg-base ../../build/my_ur_control build --build-base /home/jhkim/ros2_ws/build/my_ur_control/build install --record /home/jhkim/ros2_ws/build/my_ur_control/install.log --single-version-externally-managed install_data --force
