[0.010s] Invoking command in '/home/jhkim/ros2_ws/build/ur': AMENT_PREFIX_PATH=/home/jhkim/ros2_ws/install/ur_calibration:/home/jhkim/ros2_ws/install/ur_robot_driver:/home/jhkim/ros2_ws/install/ur_controllers:/home/jhkim/ros2_ws/install/ur_moveit_config:/home/jhkim/ros2_ws/install/ur_dashboard_msgs:${AMENT_PREFIX_PATH} CMAKE_PREFIX_PATH=/home/jhkim/ros2_ws/install/ur_calibration:/home/jhkim/ros2_ws/install/ur_robot_driver:/home/jhkim/ros2_ws/install/ur_controllers:/home/jhkim/ros2_ws/install/ur_moveit_config:/home/jhkim/ros2_ws/install/ur_dashboard_msgs:/opt/ros/humble LD_LIBRARY_PATH=/home/jhkim/ros2_ws/install/ur_robot_driver/lib:/home/jhkim/ros2_ws/install/ur_controllers/lib:/home/jhkim/ros2_ws/install/ur_dashboard_msgs/lib:${LD_LIBRARY_PATH} PATH=/home/jhkim/ros2_ws/install/ur_robot_driver/bin:${PATH} PYTHONPATH=/home/jhkim/ros2_ws/install/ur_robot_driver/local/lib/python3.10/dist-packages:/home/jhkim/ros2_ws/install/ur_moveit_config/local/lib/python3.10/dist-packages:/home/jhkim/ros2_ws/install/ur_dashboard_msgs/local/lib/python3.10/dist-packages:${PYTHONPATH} /usr/bin/cmake /home/jhkim/ros2_ws/src/Universal_Robots_ROS2_Driver/ur -DAMENT_CMAKE_SYMLINK_INSTALL=1 -DCMAKE_INSTALL_PREFIX=/home/jhkim/ros2_ws/install/ur
[0.041s] -- The C compiler identification is GNU 11.4.0
[0.073s] -- The CXX compiler identification is GNU 11.4.0
[0.077s] -- Detecting C compiler ABI info
[0.117s] -- Detecting C compiler ABI info - done
[0.120s] -- Check for working C compiler: /usr/bin/cc - skipped
[0.120s] -- Detecting C compile features
[0.120s] -- Detecting C compile features - done
[0.122s] -- Detecting CXX compiler ABI info
[0.168s] -- Detecting CXX compiler ABI info - done
[0.172s] -- Check for working CXX compiler: /usr/bin/c++ - skipped
[0.172s] -- Detecting CXX compile features
[0.172s] -- Detecting CXX compile features - done
[0.174s] -- Found ament_cmake: 1.3.12 (/opt/ros/humble/share/ament_cmake/cmake)
[0.258s] -- Found Python3: /usr/bin/python3 (found version "3.10.12") found components: Interpreter 
[0.290s] -- Override CMake install command with custom implementation using symlinks instead of copying resources
[0.322s] -- Found ament_lint_auto: 0.12.14 (/opt/ros/humble/share/ament_lint_auto/cmake)
[0.371s] -- Added test 'lint_cmake' to check CMake code style
[0.371s] -- Added test 'xmllint' to check XML markup files
[0.372s] -- Configuring done
[0.374s] -- Generating done
[0.374s] -- Build files have been written to: /home/jhkim/ros2_ws/build/ur
[0.378s] Invoked command in '/home/jhkim/ros2_ws/build/ur' returned '0': AMENT_PREFIX_PATH=/home/jhkim/ros2_ws/install/ur_calibration:/home/jhkim/ros2_ws/install/ur_robot_driver:/home/jhkim/ros2_ws/install/ur_controllers:/home/jhkim/ros2_ws/install/ur_moveit_config:/home/jhkim/ros2_ws/install/ur_dashboard_msgs:${AMENT_PREFIX_PATH} CMAKE_PREFIX_PATH=/home/jhkim/ros2_ws/install/ur_calibration:/home/jhkim/ros2_ws/install/ur_robot_driver:/home/jhkim/ros2_ws/install/ur_controllers:/home/jhkim/ros2_ws/install/ur_moveit_config:/home/jhkim/ros2_ws/install/ur_dashboard_msgs:/opt/ros/humble LD_LIBRARY_PATH=/home/jhkim/ros2_ws/install/ur_robot_driver/lib:/home/jhkim/ros2_ws/install/ur_controllers/lib:/home/jhkim/ros2_ws/install/ur_dashboard_msgs/lib:${LD_LIBRARY_PATH} PATH=/home/jhkim/ros2_ws/install/ur_robot_driver/bin:${PATH} PYTHONPATH=/home/jhkim/ros2_ws/install/ur_robot_driver/local/lib/python3.10/dist-packages:/home/jhkim/ros2_ws/install/ur_moveit_config/local/lib/python3.10/dist-packages:/home/jhkim/ros2_ws/install/ur_dashboard_msgs/local/lib/python3.10/dist-packages:${PYTHONPATH} /usr/bin/cmake /home/jhkim/ros2_ws/src/Universal_Robots_ROS2_Driver/ur -DAMENT_CMAKE_SYMLINK_INSTALL=1 -DCMAKE_INSTALL_PREFIX=/home/jhkim/ros2_ws/install/ur
[0.379s] Invoking command in '/home/jhkim/ros2_ws/build/ur': AMENT_PREFIX_PATH=/home/jhkim/ros2_ws/install/ur_calibration:/home/jhkim/ros2_ws/install/ur_robot_driver:/home/jhkim/ros2_ws/install/ur_controllers:/home/jhkim/ros2_ws/install/ur_moveit_config:/home/jhkim/ros2_ws/install/ur_dashboard_msgs:${AMENT_PREFIX_PATH} CMAKE_PREFIX_PATH=/home/jhkim/ros2_ws/install/ur_calibration:/home/jhkim/ros2_ws/install/ur_robot_driver:/home/jhkim/ros2_ws/install/ur_controllers:/home/jhkim/ros2_ws/install/ur_moveit_config:/home/jhkim/ros2_ws/install/ur_dashboard_msgs:/opt/ros/humble LD_LIBRARY_PATH=/home/jhkim/ros2_ws/install/ur_robot_driver/lib:/home/jhkim/ros2_ws/install/ur_controllers/lib:/home/jhkim/ros2_ws/install/ur_dashboard_msgs/lib:${LD_LIBRARY_PATH} PATH=/home/jhkim/ros2_ws/install/ur_robot_driver/bin:${PATH} PYTHONPATH=/home/jhkim/ros2_ws/install/ur_robot_driver/local/lib/python3.10/dist-packages:/home/jhkim/ros2_ws/install/ur_moveit_config/local/lib/python3.10/dist-packages:/home/jhkim/ros2_ws/install/ur_dashboard_msgs/local/lib/python3.10/dist-packages:${PYTHONPATH} /usr/bin/cmake --build /home/jhkim/ros2_ws/build/ur -- -j32 -l32
[0.402s] Invoked command in '/home/jhkim/ros2_ws/build/ur' returned '0': AMENT_PREFIX_PATH=/home/jhkim/ros2_ws/install/ur_calibration:/home/jhkim/ros2_ws/install/ur_robot_driver:/home/jhkim/ros2_ws/install/ur_controllers:/home/jhkim/ros2_ws/install/ur_moveit_config:/home/jhkim/ros2_ws/install/ur_dashboard_msgs:${AMENT_PREFIX_PATH} CMAKE_PREFIX_PATH=/home/jhkim/ros2_ws/install/ur_calibration:/home/jhkim/ros2_ws/install/ur_robot_driver:/home/jhkim/ros2_ws/install/ur_controllers:/home/jhkim/ros2_ws/install/ur_moveit_config:/home/jhkim/ros2_ws/install/ur_dashboard_msgs:/opt/ros/humble LD_LIBRARY_PATH=/home/jhkim/ros2_ws/install/ur_robot_driver/lib:/home/jhkim/ros2_ws/install/ur_controllers/lib:/home/jhkim/ros2_ws/install/ur_dashboard_msgs/lib:${LD_LIBRARY_PATH} PATH=/home/jhkim/ros2_ws/install/ur_robot_driver/bin:${PATH} PYTHONPATH=/home/jhkim/ros2_ws/install/ur_robot_driver/local/lib/python3.10/dist-packages:/home/jhkim/ros2_ws/install/ur_moveit_config/local/lib/python3.10/dist-packages:/home/jhkim/ros2_ws/install/ur_dashboard_msgs/local/lib/python3.10/dist-packages:${PYTHONPATH} /usr/bin/cmake --build /home/jhkim/ros2_ws/build/ur -- -j32 -l32
[0.403s] Invoking command in '/home/jhkim/ros2_ws/build/ur': AMENT_PREFIX_PATH=/home/jhkim/ros2_ws/install/ur_calibration:/home/jhkim/ros2_ws/install/ur_robot_driver:/home/jhkim/ros2_ws/install/ur_controllers:/home/jhkim/ros2_ws/install/ur_moveit_config:/home/jhkim/ros2_ws/install/ur_dashboard_msgs:${AMENT_PREFIX_PATH} CMAKE_PREFIX_PATH=/home/jhkim/ros2_ws/install/ur_calibration:/home/jhkim/ros2_ws/install/ur_robot_driver:/home/jhkim/ros2_ws/install/ur_controllers:/home/jhkim/ros2_ws/install/ur_moveit_config:/home/jhkim/ros2_ws/install/ur_dashboard_msgs:/opt/ros/humble LD_LIBRARY_PATH=/home/jhkim/ros2_ws/install/ur_robot_driver/lib:/home/jhkim/ros2_ws/install/ur_controllers/lib:/home/jhkim/ros2_ws/install/ur_dashboard_msgs/lib:${LD_LIBRARY_PATH} PATH=/home/jhkim/ros2_ws/install/ur_robot_driver/bin:${PATH} PYTHONPATH=/home/jhkim/ros2_ws/install/ur_robot_driver/local/lib/python3.10/dist-packages:/home/jhkim/ros2_ws/install/ur_moveit_config/local/lib/python3.10/dist-packages:/home/jhkim/ros2_ws/install/ur_dashboard_msgs/local/lib/python3.10/dist-packages:${PYTHONPATH} /usr/bin/cmake --install /home/jhkim/ros2_ws/build/ur
[0.406s] -- Install configuration: ""
[0.407s] -- Execute custom install script
[0.407s] -- Symlinking: /home/jhkim/ros2_ws/install/ur/share/ament_index/resource_index/package_run_dependencies/ur
[0.412s] -- Symlinking: /home/jhkim/ros2_ws/install/ur/share/ament_index/resource_index/parent_prefix_path/ur
[0.417s] -- Symlinking: /home/jhkim/ros2_ws/install/ur/share/ur/environment/ament_prefix_path.sh
[0.423s] -- Symlinking: /home/jhkim/ros2_ws/install/ur/share/ur/environment/ament_prefix_path.dsv
[0.428s] -- Symlinking: /home/jhkim/ros2_ws/install/ur/share/ur/environment/path.sh
[0.433s] -- Symlinking: /home/jhkim/ros2_ws/install/ur/share/ur/environment/path.dsv
[0.437s] -- Symlinking: /home/jhkim/ros2_ws/install/ur/share/ur/local_setup.bash
[0.442s] -- Symlinking: /home/jhkim/ros2_ws/install/ur/share/ur/local_setup.sh
[0.448s] -- Symlinking: /home/jhkim/ros2_ws/install/ur/share/ur/local_setup.zsh
[0.454s] -- Symlinking: /home/jhkim/ros2_ws/install/ur/share/ur/local_setup.dsv
[0.459s] -- Symlinking: /home/jhkim/ros2_ws/install/ur/share/ur/package.dsv
[0.465s] -- Symlinking: /home/jhkim/ros2_ws/install/ur/share/ament_index/resource_index/packages/ur
[0.470s] -- Symlinking: /home/jhkim/ros2_ws/install/ur/share/ur/cmake/urConfig.cmake
[0.475s] -- Symlinking: /home/jhkim/ros2_ws/install/ur/share/ur/cmake/urConfig-version.cmake
[0.481s] -- Symlinking: /home/jhkim/ros2_ws/install/ur/share/ur/package.xml
[0.488s] Invoked command in '/home/jhkim/ros2_ws/build/ur' returned '0': AMENT_PREFIX_PATH=/home/jhkim/ros2_ws/install/ur_calibration:/home/jhkim/ros2_ws/install/ur_robot_driver:/home/jhkim/ros2_ws/install/ur_controllers:/home/jhkim/ros2_ws/install/ur_moveit_config:/home/jhkim/ros2_ws/install/ur_dashboard_msgs:${AMENT_PREFIX_PATH} CMAKE_PREFIX_PATH=/home/jhkim/ros2_ws/install/ur_calibration:/home/jhkim/ros2_ws/install/ur_robot_driver:/home/jhkim/ros2_ws/install/ur_controllers:/home/jhkim/ros2_ws/install/ur_moveit_config:/home/jhkim/ros2_ws/install/ur_dashboard_msgs:/opt/ros/humble LD_LIBRARY_PATH=/home/jhkim/ros2_ws/install/ur_robot_driver/lib:/home/jhkim/ros2_ws/install/ur_controllers/lib:/home/jhkim/ros2_ws/install/ur_dashboard_msgs/lib:${LD_LIBRARY_PATH} PATH=/home/jhkim/ros2_ws/install/ur_robot_driver/bin:${PATH} PYTHONPATH=/home/jhkim/ros2_ws/install/ur_robot_driver/local/lib/python3.10/dist-packages:/home/jhkim/ros2_ws/install/ur_moveit_config/local/lib/python3.10/dist-packages:/home/jhkim/ros2_ws/install/ur_dashboard_msgs/local/lib/python3.10/dist-packages:${PYTHONPATH} /usr/bin/cmake --install /home/jhkim/ros2_ws/build/ur
