[0.007s] Invoking command in '/home/jhkim/ros2_ws/build/ur_simulation_gazebo': AMENT_PREFIX_PATH=/home/jhkim/ros2_ws/install/ur_controllers:/home/jhkim/ros2_ws/install/ur_moveit_config:/home/jhkim/ros2_ws/install/ur_dashboard_msgs:${AMENT_PREFIX_PATH} CMAKE_PREFIX_PATH=/home/jhkim/ros2_ws/install/ur_controllers:/home/jhkim/ros2_ws/install/ur_moveit_config:/home/jhkim/ros2_ws/install/ur_dashboard_msgs:/opt/ros/humble LD_LIBRARY_PATH=/home/jhkim/ros2_ws/install/ur_controllers/lib:/home/jhkim/ros2_ws/install/ur_dashboard_msgs/lib:${LD_LIBRARY_PATH} PYTHONPATH=/home/jhkim/ros2_ws/install/ur_moveit_config/local/lib/python3.10/dist-packages:/home/jhkim/ros2_ws/install/ur_dashboard_msgs/local/lib/python3.10/dist-packages:${PYTHONPATH} /usr/bin/cmake /home/jhkim/ros2_ws/src/Universal_Robots_ROS2_Gazebo_Simulation/ur_simulation_gazebo -DAMENT_CMAKE_SYMLINK_INSTALL=1 -DCMAKE_INSTALL_PREFIX=/home/jhkim/ros2_ws/install/ur_simulation_gazebo
[0.038s] -- The C compiler identification is GNU 11.4.0
[0.068s] -- The CXX compiler identification is GNU 11.4.0
[0.072s] -- Detecting C compiler ABI info
[0.113s] -- Detecting C compiler ABI info - done
[0.117s] -- Check for working C compiler: /usr/bin/cc - skipped
[0.117s] -- Detecting C compile features
[0.117s] -- Detecting C compile features - done
[0.119s] -- Detecting CXX compiler ABI info
[0.167s] -- Detecting CXX compiler ABI info - done
[0.171s] -- Check for working CXX compiler: /usr/bin/c++ - skipped
[0.171s] -- Detecting CXX compile features
[0.171s] -- Detecting CXX compile features - done
[0.173s] -- Found ament_cmake: 1.3.12 (/opt/ros/humble/share/ament_cmake/cmake)
[0.255s] -- Found Python3: /usr/bin/python3 (found version "3.10.12") found components: Interpreter 
[0.287s] -- Override CMake install command with custom implementation using symlinks instead of copying resources
[0.316s] -- Found launch_testing_ament_cmake: 1.0.13 (/opt/ros/humble/share/launch_testing_ament_cmake/cmake)
[0.318s] -- Found python_cmake_module: 0.10.0 (/opt/ros/humble/share/python_cmake_module/cmake)
[0.330s] -- Found PythonInterp: /usr/bin/python3 (found suitable version "3.10.12", minimum required is "3.6") 
[0.337s] -- Found PythonLibs: /usr/lib/x86_64-linux-gnu/libpython3.10.so (found suitable version "3.10.12", minimum required is "3.5") 
[0.337s] -- Using PYTHON_EXECUTABLE: /usr/bin/python3
[0.337s] -- Using PYTHON_INCLUDE_DIRS: /usr/include/python3.10
[0.337s] -- Using PYTHON_LIBRARIES: /usr/lib/x86_64-linux-gnu/libpython3.10.so
[0.350s] -- Found PythonExtra: .so  
[0.352s] -- Found ament_cmake_pytest: 1.3.12 (/opt/ros/humble/share/ament_cmake_pytest/cmake)
[0.385s] -- Configuring done
[0.386s] -- Generating done
[0.387s] -- Build files have been written to: /home/jhkim/ros2_ws/build/ur_simulation_gazebo
[0.391s] Invoked command in '/home/jhkim/ros2_ws/build/ur_simulation_gazebo' returned '0': AMENT_PREFIX_PATH=/home/jhkim/ros2_ws/install/ur_controllers:/home/jhkim/ros2_ws/install/ur_moveit_config:/home/jhkim/ros2_ws/install/ur_dashboard_msgs:${AMENT_PREFIX_PATH} CMAKE_PREFIX_PATH=/home/jhkim/ros2_ws/install/ur_controllers:/home/jhkim/ros2_ws/install/ur_moveit_config:/home/jhkim/ros2_ws/install/ur_dashboard_msgs:/opt/ros/humble LD_LIBRARY_PATH=/home/jhkim/ros2_ws/install/ur_controllers/lib:/home/jhkim/ros2_ws/install/ur_dashboard_msgs/lib:${LD_LIBRARY_PATH} PYTHONPATH=/home/jhkim/ros2_ws/install/ur_moveit_config/local/lib/python3.10/dist-packages:/home/jhkim/ros2_ws/install/ur_dashboard_msgs/local/lib/python3.10/dist-packages:${PYTHONPATH} /usr/bin/cmake /home/jhkim/ros2_ws/src/Universal_Robots_ROS2_Gazebo_Simulation/ur_simulation_gazebo -DAMENT_CMAKE_SYMLINK_INSTALL=1 -DCMAKE_INSTALL_PREFIX=/home/jhkim/ros2_ws/install/ur_simulation_gazebo
[0.392s] Invoking command in '/home/jhkim/ros2_ws/build/ur_simulation_gazebo': AMENT_PREFIX_PATH=/home/jhkim/ros2_ws/install/ur_controllers:/home/jhkim/ros2_ws/install/ur_moveit_config:/home/jhkim/ros2_ws/install/ur_dashboard_msgs:${AMENT_PREFIX_PATH} CMAKE_PREFIX_PATH=/home/jhkim/ros2_ws/install/ur_controllers:/home/jhkim/ros2_ws/install/ur_moveit_config:/home/jhkim/ros2_ws/install/ur_dashboard_msgs:/opt/ros/humble LD_LIBRARY_PATH=/home/jhkim/ros2_ws/install/ur_controllers/lib:/home/jhkim/ros2_ws/install/ur_dashboard_msgs/lib:${LD_LIBRARY_PATH} PYTHONPATH=/home/jhkim/ros2_ws/install/ur_moveit_config/local/lib/python3.10/dist-packages:/home/jhkim/ros2_ws/install/ur_dashboard_msgs/local/lib/python3.10/dist-packages:${PYTHONPATH} /usr/bin/cmake --build /home/jhkim/ros2_ws/build/ur_simulation_gazebo -- -j32 -l32
[0.415s] Invoked command in '/home/jhkim/ros2_ws/build/ur_simulation_gazebo' returned '0': AMENT_PREFIX_PATH=/home/jhkim/ros2_ws/install/ur_controllers:/home/jhkim/ros2_ws/install/ur_moveit_config:/home/jhkim/ros2_ws/install/ur_dashboard_msgs:${AMENT_PREFIX_PATH} CMAKE_PREFIX_PATH=/home/jhkim/ros2_ws/install/ur_controllers:/home/jhkim/ros2_ws/install/ur_moveit_config:/home/jhkim/ros2_ws/install/ur_dashboard_msgs:/opt/ros/humble LD_LIBRARY_PATH=/home/jhkim/ros2_ws/install/ur_controllers/lib:/home/jhkim/ros2_ws/install/ur_dashboard_msgs/lib:${LD_LIBRARY_PATH} PYTHONPATH=/home/jhkim/ros2_ws/install/ur_moveit_config/local/lib/python3.10/dist-packages:/home/jhkim/ros2_ws/install/ur_dashboard_msgs/local/lib/python3.10/dist-packages:${PYTHONPATH} /usr/bin/cmake --build /home/jhkim/ros2_ws/build/ur_simulation_gazebo -- -j32 -l32
[0.415s] Invoking command in '/home/jhkim/ros2_ws/build/ur_simulation_gazebo': AMENT_PREFIX_PATH=/home/jhkim/ros2_ws/install/ur_controllers:/home/jhkim/ros2_ws/install/ur_moveit_config:/home/jhkim/ros2_ws/install/ur_dashboard_msgs:${AMENT_PREFIX_PATH} CMAKE_PREFIX_PATH=/home/jhkim/ros2_ws/install/ur_controllers:/home/jhkim/ros2_ws/install/ur_moveit_config:/home/jhkim/ros2_ws/install/ur_dashboard_msgs:/opt/ros/humble LD_LIBRARY_PATH=/home/jhkim/ros2_ws/install/ur_controllers/lib:/home/jhkim/ros2_ws/install/ur_dashboard_msgs/lib:${LD_LIBRARY_PATH} PYTHONPATH=/home/jhkim/ros2_ws/install/ur_moveit_config/local/lib/python3.10/dist-packages:/home/jhkim/ros2_ws/install/ur_dashboard_msgs/local/lib/python3.10/dist-packages:${PYTHONPATH} /usr/bin/cmake --install /home/jhkim/ros2_ws/build/ur_simulation_gazebo
[0.420s] -- Install configuration: ""
[0.420s] -- Execute custom install script
[0.420s] -- Symlinking: /home/jhkim/ros2_ws/install/ur_simulation_gazebo/share/ur_simulation_gazebo/config/ur_controllers.yaml
[0.426s] -- Symlinking: /home/jhkim/ros2_ws/install/ur_simulation_gazebo/share/ur_simulation_gazebo/launch/ur_sim_control.launch.py
[0.431s] -- Symlinking: /home/jhkim/ros2_ws/install/ur_simulation_gazebo/share/ur_simulation_gazebo/launch/ur_sim_moveit.launch.py
[0.437s] -- Symlinking: /home/jhkim/ros2_ws/install/ur_simulation_gazebo/share/ament_index/resource_index/package_run_dependencies/ur_simulation_gazebo
[0.442s] -- Symlinking: /home/jhkim/ros2_ws/install/ur_simulation_gazebo/share/ament_index/resource_index/parent_prefix_path/ur_simulation_gazebo
[0.447s] -- Symlinking: /home/jhkim/ros2_ws/install/ur_simulation_gazebo/share/ur_simulation_gazebo/environment/ament_prefix_path.sh
[0.453s] -- Symlinking: /home/jhkim/ros2_ws/install/ur_simulation_gazebo/share/ur_simulation_gazebo/environment/ament_prefix_path.dsv
[0.458s] -- Symlinking: /home/jhkim/ros2_ws/install/ur_simulation_gazebo/share/ur_simulation_gazebo/environment/path.sh
[0.464s] -- Symlinking: /home/jhkim/ros2_ws/install/ur_simulation_gazebo/share/ur_simulation_gazebo/environment/path.dsv
[0.469s] -- Symlinking: /home/jhkim/ros2_ws/install/ur_simulation_gazebo/share/ur_simulation_gazebo/local_setup.bash
[0.474s] -- Symlinking: /home/jhkim/ros2_ws/install/ur_simulation_gazebo/share/ur_simulation_gazebo/local_setup.sh
[0.480s] -- Symlinking: /home/jhkim/ros2_ws/install/ur_simulation_gazebo/share/ur_simulation_gazebo/local_setup.zsh
[0.485s] -- Symlinking: /home/jhkim/ros2_ws/install/ur_simulation_gazebo/share/ur_simulation_gazebo/local_setup.dsv
[0.491s] -- Symlinking: /home/jhkim/ros2_ws/install/ur_simulation_gazebo/share/ur_simulation_gazebo/package.dsv
[0.496s] -- Symlinking: /home/jhkim/ros2_ws/install/ur_simulation_gazebo/share/ament_index/resource_index/packages/ur_simulation_gazebo
[0.502s] -- Symlinking: /home/jhkim/ros2_ws/install/ur_simulation_gazebo/share/ur_simulation_gazebo/cmake/ur_simulation_gazeboConfig.cmake
[0.508s] -- Symlinking: /home/jhkim/ros2_ws/install/ur_simulation_gazebo/share/ur_simulation_gazebo/cmake/ur_simulation_gazeboConfig-version.cmake
[0.512s] -- Symlinking: /home/jhkim/ros2_ws/install/ur_simulation_gazebo/share/ur_simulation_gazebo/package.xml
[0.519s] Invoked command in '/home/jhkim/ros2_ws/build/ur_simulation_gazebo' returned '0': AMENT_PREFIX_PATH=/home/jhkim/ros2_ws/install/ur_controllers:/home/jhkim/ros2_ws/install/ur_moveit_config:/home/jhkim/ros2_ws/install/ur_dashboard_msgs:${AMENT_PREFIX_PATH} CMAKE_PREFIX_PATH=/home/jhkim/ros2_ws/install/ur_controllers:/home/jhkim/ros2_ws/install/ur_moveit_config:/home/jhkim/ros2_ws/install/ur_dashboard_msgs:/opt/ros/humble LD_LIBRARY_PATH=/home/jhkim/ros2_ws/install/ur_controllers/lib:/home/jhkim/ros2_ws/install/ur_dashboard_msgs/lib:${LD_LIBRARY_PATH} PYTHONPATH=/home/jhkim/ros2_ws/install/ur_moveit_config/local/lib/python3.10/dist-packages:/home/jhkim/ros2_ws/install/ur_dashboard_msgs/local/lib/python3.10/dist-packages:${PYTHONPATH} /usr/bin/cmake --install /home/jhkim/ros2_ws/build/ur_simulation_gazebo
