[0.109s] DEBUG:colcon:Command line arguments: ['/usr/bin/colcon', 'build', '--symlink-install', '--packages-select', 'franka_description', 'dual_franka_description']
[0.109s] DEBUG:colcon:Parsed command line arguments: Namespace(log_base=None, log_level=None, verb_name='build', build_base='build', install_base='install', merge_install=False, symlink_install=True, test_result_base=None, continue_on_error=False, executor='parallel', parallel_workers=32, event_handlers=None, ignore_user_meta=False, metas=['./colcon.meta'], base_paths=['.'], packages_ignore=None, packages_ignore_regex=None, paths=None, packages_up_to=None, packages_up_to_regex=None, packages_above=None, packages_above_and_dependencies=None, packages_above_depth=None, packages_select_by_dep=None, packages_skip_by_dep=None, packages_skip_up_to=None, packages_select_build_failed=False, packages_skip_build_finished=False, packages_select_test_failures=False, packages_skip_test_passed=False, packages_select=['franka_description', 'dual_franka_description'], packages_skip=None, packages_select_regex=None, packages_skip_regex=None, packages_start=None, packages_end=None, allow_overriding=[], cmake_args=None, cmake_target=None, cmake_target_skip_unavailable=False, cmake_clean_cache=False, cmake_clean_first=False, cmake_force_configure=False, ament_cmake_args=None, catkin_cmake_args=None, catkin_skip_building_tests=False, mixin_files=None, mixin=None, verb_parser=<colcon_mixin.mixin.mixin_argument.MixinArgumentDecorator object at 0x7f473a3560e0>, verb_extension=<colcon_core.verb.build.BuildVerb object at 0x7f473a355a20>, main=<bound method BuildVerb.main of <colcon_core.verb.build.BuildVerb object at 0x7f473a355a20>>, mixin_verb=('build',))
[0.269s] Level 1:colcon.colcon_core.package_discovery:discover_packages(colcon_meta) check parameters
[0.269s] Level 1:colcon.colcon_core.package_discovery:discover_packages(recursive) check parameters
[0.269s] Level 1:colcon.colcon_core.package_discovery:discover_packages(ignore) check parameters
[0.269s] Level 1:colcon.colcon_core.package_discovery:discover_packages(path) check parameters
[0.270s] Level 1:colcon.colcon_core.package_discovery:discover_packages(colcon_meta) discover
[0.270s] Level 1:colcon.colcon_core.package_discovery:discover_packages(recursive) discover
[0.270s] INFO:colcon.colcon_core.package_discovery:Crawling recursively for packages in '/home/jhkim/ros2_ws'
[0.270s] Level 1:colcon.colcon_core.package_identification:_identify(.) by extensions ['ignore', 'ignore_ament_install']
[0.270s] Level 1:colcon.colcon_core.package_identification:_identify(.) by extension 'ignore'
[0.270s] Level 1:colcon.colcon_core.package_identification:_identify(.) by extension 'ignore_ament_install'
[0.270s] Level 1:colcon.colcon_core.package_identification:_identify(.) by extensions ['colcon_pkg']
[0.270s] Level 1:colcon.colcon_core.package_identification:_identify(.) by extension 'colcon_pkg'
[0.270s] Level 1:colcon.colcon_core.package_identification:_identify(.) by extensions ['colcon_meta']
[0.270s] Level 1:colcon.colcon_core.package_identification:_identify(.) by extension 'colcon_meta'
[0.270s] Level 1:colcon.colcon_core.package_identification:_identify(.) by extensions ['ros']
[0.270s] Level 1:colcon.colcon_core.package_identification:_identify(.) by extension 'ros'
[0.277s] Level 1:colcon.colcon_core.package_identification:_identify(.) by extensions ['cmake', 'python']
[0.277s] Level 1:colcon.colcon_core.package_identification:_identify(.) by extension 'cmake'
[0.277s] Level 1:colcon.colcon_core.package_identification:_identify(.) by extension 'python'
[0.277s] Level 1:colcon.colcon_core.package_identification:_identify(.) by extensions ['python_setup_py']
[0.277s] Level 1:colcon.colcon_core.package_identification:_identify(.) by extension 'python_setup_py'
[0.277s] Level 1:colcon.colcon_core.package_identification:_identify(build) by extensions ['ignore', 'ignore_ament_install']
[0.277s] Level 1:colcon.colcon_core.package_identification:_identify(build) by extension 'ignore'
[0.277s] Level 1:colcon.colcon_core.package_identification:_identify(build) ignored
[0.277s] Level 1:colcon.colcon_core.package_identification:_identify(install) by extensions ['ignore', 'ignore_ament_install']
[0.277s] Level 1:colcon.colcon_core.package_identification:_identify(install) by extension 'ignore'
[0.277s] Level 1:colcon.colcon_core.package_identification:_identify(install) ignored
[0.277s] Level 1:colcon.colcon_core.package_identification:_identify(log) by extensions ['ignore', 'ignore_ament_install']
[0.278s] Level 1:colcon.colcon_core.package_identification:_identify(log) by extension 'ignore'
[0.278s] Level 1:colcon.colcon_core.package_identification:_identify(log) ignored
[0.278s] Level 1:colcon.colcon_core.package_identification:_identify(src) by extensions ['ignore', 'ignore_ament_install']
[0.278s] Level 1:colcon.colcon_core.package_identification:_identify(src) by extension 'ignore'
[0.278s] Level 1:colcon.colcon_core.package_identification:_identify(src) by extension 'ignore_ament_install'
[0.278s] Level 1:colcon.colcon_core.package_identification:_identify(src) by extensions ['colcon_pkg']
[0.278s] Level 1:colcon.colcon_core.package_identification:_identify(src) by extension 'colcon_pkg'
[0.278s] Level 1:colcon.colcon_core.package_identification:_identify(src) by extensions ['colcon_meta']
[0.278s] Level 1:colcon.colcon_core.package_identification:_identify(src) by extension 'colcon_meta'
[0.278s] Level 1:colcon.colcon_core.package_identification:_identify(src) by extensions ['ros']
[0.278s] Level 1:colcon.colcon_core.package_identification:_identify(src) by extension 'ros'
[0.278s] Level 1:colcon.colcon_core.package_identification:_identify(src) by extensions ['cmake', 'python']
[0.278s] Level 1:colcon.colcon_core.package_identification:_identify(src) by extension 'cmake'
[0.278s] Level 1:colcon.colcon_core.package_identification:_identify(src) by extension 'python'
[0.278s] Level 1:colcon.colcon_core.package_identification:_identify(src) by extensions ['python_setup_py']
[0.278s] Level 1:colcon.colcon_core.package_identification:_identify(src) by extension 'python_setup_py'
[0.278s] Level 1:colcon.colcon_core.package_identification:_identify(src/Universal_Robots_ROS2_Driver) by extensions ['ignore', 'ignore_ament_install']
[0.278s] Level 1:colcon.colcon_core.package_identification:_identify(src/Universal_Robots_ROS2_Driver) by extension 'ignore'
[0.278s] Level 1:colcon.colcon_core.package_identification:_identify(src/Universal_Robots_ROS2_Driver) by extension 'ignore_ament_install'
[0.278s] Level 1:colcon.colcon_core.package_identification:_identify(src/Universal_Robots_ROS2_Driver) by extensions ['colcon_pkg']
[0.278s] Level 1:colcon.colcon_core.package_identification:_identify(src/Universal_Robots_ROS2_Driver) by extension 'colcon_pkg'
[0.278s] Level 1:colcon.colcon_core.package_identification:_identify(src/Universal_Robots_ROS2_Driver) by extensions ['colcon_meta']
[0.278s] Level 1:colcon.colcon_core.package_identification:_identify(src/Universal_Robots_ROS2_Driver) by extension 'colcon_meta'
[0.278s] Level 1:colcon.colcon_core.package_identification:_identify(src/Universal_Robots_ROS2_Driver) by extensions ['ros']
[0.278s] Level 1:colcon.colcon_core.package_identification:_identify(src/Universal_Robots_ROS2_Driver) by extension 'ros'
[0.278s] Level 1:colcon.colcon_core.package_identification:_identify(src/Universal_Robots_ROS2_Driver) by extensions ['cmake', 'python']
[0.278s] Level 1:colcon.colcon_core.package_identification:_identify(src/Universal_Robots_ROS2_Driver) by extension 'cmake'
[0.278s] Level 1:colcon.colcon_core.package_identification:_identify(src/Universal_Robots_ROS2_Driver) by extension 'python'
[0.278s] Level 1:colcon.colcon_core.package_identification:_identify(src/Universal_Robots_ROS2_Driver) by extensions ['python_setup_py']
[0.278s] Level 1:colcon.colcon_core.package_identification:_identify(src/Universal_Robots_ROS2_Driver) by extension 'python_setup_py'
[0.278s] Level 1:colcon.colcon_core.package_identification:_identify(src/Universal_Robots_ROS2_Driver/ur) by extensions ['ignore', 'ignore_ament_install']
[0.278s] Level 1:colcon.colcon_core.package_identification:_identify(src/Universal_Robots_ROS2_Driver/ur) by extension 'ignore'
[0.278s] Level 1:colcon.colcon_core.package_identification:_identify(src/Universal_Robots_ROS2_Driver/ur) by extension 'ignore_ament_install'
[0.279s] Level 1:colcon.colcon_core.package_identification:_identify(src/Universal_Robots_ROS2_Driver/ur) by extensions ['colcon_pkg']
[0.279s] Level 1:colcon.colcon_core.package_identification:_identify(src/Universal_Robots_ROS2_Driver/ur) by extension 'colcon_pkg'
[0.279s] Level 1:colcon.colcon_core.package_identification:_identify(src/Universal_Robots_ROS2_Driver/ur) by extensions ['colcon_meta']
[0.279s] Level 1:colcon.colcon_core.package_identification:_identify(src/Universal_Robots_ROS2_Driver/ur) by extension 'colcon_meta'
[0.279s] Level 1:colcon.colcon_core.package_identification:_identify(src/Universal_Robots_ROS2_Driver/ur) by extensions ['ros']
[0.279s] Level 1:colcon.colcon_core.package_identification:_identify(src/Universal_Robots_ROS2_Driver/ur) by extension 'ros'
[0.281s] DEBUG:colcon.colcon_core.package_identification:Package 'src/Universal_Robots_ROS2_Driver/ur' with type 'ros.ament_cmake' and name 'ur'
[0.281s] Level 1:colcon.colcon_core.package_identification:_identify(src/Universal_Robots_ROS2_Driver/ur_bringup) by extensions ['ignore', 'ignore_ament_install']
[0.281s] Level 1:colcon.colcon_core.package_identification:_identify(src/Universal_Robots_ROS2_Driver/ur_bringup) by extension 'ignore'
[0.281s] Level 1:colcon.colcon_core.package_identification:_identify(src/Universal_Robots_ROS2_Driver/ur_bringup) by extension 'ignore_ament_install'
[0.281s] Level 1:colcon.colcon_core.package_identification:_identify(src/Universal_Robots_ROS2_Driver/ur_bringup) by extensions ['colcon_pkg']
[0.281s] Level 1:colcon.colcon_core.package_identification:_identify(src/Universal_Robots_ROS2_Driver/ur_bringup) by extension 'colcon_pkg'
[0.281s] Level 1:colcon.colcon_core.package_identification:_identify(src/Universal_Robots_ROS2_Driver/ur_bringup) by extensions ['colcon_meta']
[0.281s] Level 1:colcon.colcon_core.package_identification:_identify(src/Universal_Robots_ROS2_Driver/ur_bringup) by extension 'colcon_meta'
[0.281s] Level 1:colcon.colcon_core.package_identification:_identify(src/Universal_Robots_ROS2_Driver/ur_bringup) by extensions ['ros']
[0.281s] Level 1:colcon.colcon_core.package_identification:_identify(src/Universal_Robots_ROS2_Driver/ur_bringup) by extension 'ros'
[0.282s] DEBUG:colcon.colcon_core.package_identification:Package 'src/Universal_Robots_ROS2_Driver/ur_bringup' with type 'ros.ament_cmake' and name 'ur_bringup'
[0.282s] Level 1:colcon.colcon_core.package_identification:_identify(src/Universal_Robots_ROS2_Driver/ur_calibration) by extensions ['ignore', 'ignore_ament_install']
[0.282s] Level 1:colcon.colcon_core.package_identification:_identify(src/Universal_Robots_ROS2_Driver/ur_calibration) by extension 'ignore'
[0.282s] Level 1:colcon.colcon_core.package_identification:_identify(src/Universal_Robots_ROS2_Driver/ur_calibration) by extension 'ignore_ament_install'
[0.282s] Level 1:colcon.colcon_core.package_identification:_identify(src/Universal_Robots_ROS2_Driver/ur_calibration) by extensions ['colcon_pkg']
[0.282s] Level 1:colcon.colcon_core.package_identification:_identify(src/Universal_Robots_ROS2_Driver/ur_calibration) by extension 'colcon_pkg'
[0.282s] Level 1:colcon.colcon_core.package_identification:_identify(src/Universal_Robots_ROS2_Driver/ur_calibration) by extensions ['colcon_meta']
[0.282s] Level 1:colcon.colcon_core.package_identification:_identify(src/Universal_Robots_ROS2_Driver/ur_calibration) by extension 'colcon_meta'
[0.282s] Level 1:colcon.colcon_core.package_identification:_identify(src/Universal_Robots_ROS2_Driver/ur_calibration) by extensions ['ros']
[0.282s] Level 1:colcon.colcon_core.package_identification:_identify(src/Universal_Robots_ROS2_Driver/ur_calibration) by extension 'ros'
[0.283s] DEBUG:colcon.colcon_core.package_identification:Package 'src/Universal_Robots_ROS2_Driver/ur_calibration' with type 'ros.ament_cmake' and name 'ur_calibration'
[0.283s] Level 1:colcon.colcon_core.package_identification:_identify(src/Universal_Robots_ROS2_Driver/ur_controllers) by extensions ['ignore', 'ignore_ament_install']
[0.283s] Level 1:colcon.colcon_core.package_identification:_identify(src/Universal_Robots_ROS2_Driver/ur_controllers) by extension 'ignore'
[0.283s] Level 1:colcon.colcon_core.package_identification:_identify(src/Universal_Robots_ROS2_Driver/ur_controllers) by extension 'ignore_ament_install'
[0.283s] Level 1:colcon.colcon_core.package_identification:_identify(src/Universal_Robots_ROS2_Driver/ur_controllers) by extensions ['colcon_pkg']
[0.283s] Level 1:colcon.colcon_core.package_identification:_identify(src/Universal_Robots_ROS2_Driver/ur_controllers) by extension 'colcon_pkg'
[0.283s] Level 1:colcon.colcon_core.package_identification:_identify(src/Universal_Robots_ROS2_Driver/ur_controllers) by extensions ['colcon_meta']
[0.283s] Level 1:colcon.colcon_core.package_identification:_identify(src/Universal_Robots_ROS2_Driver/ur_controllers) by extension 'colcon_meta'
[0.283s] Level 1:colcon.colcon_core.package_identification:_identify(src/Universal_Robots_ROS2_Driver/ur_controllers) by extensions ['ros']
[0.283s] Level 1:colcon.colcon_core.package_identification:_identify(src/Universal_Robots_ROS2_Driver/ur_controllers) by extension 'ros'
[0.285s] DEBUG:colcon.colcon_core.package_identification:Package 'src/Universal_Robots_ROS2_Driver/ur_controllers' with type 'ros.ament_cmake' and name 'ur_controllers'
[0.285s] Level 1:colcon.colcon_core.package_identification:_identify(src/Universal_Robots_ROS2_Driver/ur_dashboard_msgs) by extensions ['ignore', 'ignore_ament_install']
[0.285s] Level 1:colcon.colcon_core.package_identification:_identify(src/Universal_Robots_ROS2_Driver/ur_dashboard_msgs) by extension 'ignore'
[0.285s] Level 1:colcon.colcon_core.package_identification:_identify(src/Universal_Robots_ROS2_Driver/ur_dashboard_msgs) by extension 'ignore_ament_install'
[0.285s] Level 1:colcon.colcon_core.package_identification:_identify(src/Universal_Robots_ROS2_Driver/ur_dashboard_msgs) by extensions ['colcon_pkg']
[0.285s] Level 1:colcon.colcon_core.package_identification:_identify(src/Universal_Robots_ROS2_Driver/ur_dashboard_msgs) by extension 'colcon_pkg'
[0.285s] Level 1:colcon.colcon_core.package_identification:_identify(src/Universal_Robots_ROS2_Driver/ur_dashboard_msgs) by extensions ['colcon_meta']
[0.285s] Level 1:colcon.colcon_core.package_identification:_identify(src/Universal_Robots_ROS2_Driver/ur_dashboard_msgs) by extension 'colcon_meta'
[0.285s] Level 1:colcon.colcon_core.package_identification:_identify(src/Universal_Robots_ROS2_Driver/ur_dashboard_msgs) by extensions ['ros']
[0.285s] Level 1:colcon.colcon_core.package_identification:_identify(src/Universal_Robots_ROS2_Driver/ur_dashboard_msgs) by extension 'ros'
[0.285s] DEBUG:colcon.colcon_core.package_identification:Package 'src/Universal_Robots_ROS2_Driver/ur_dashboard_msgs' with type 'ros.ament_cmake' and name 'ur_dashboard_msgs'
[0.286s] Level 1:colcon.colcon_core.package_identification:_identify(src/Universal_Robots_ROS2_Driver/ur_moveit_config) by extensions ['ignore', 'ignore_ament_install']
[0.286s] Level 1:colcon.colcon_core.package_identification:_identify(src/Universal_Robots_ROS2_Driver/ur_moveit_config) by extension 'ignore'
[0.286s] Level 1:colcon.colcon_core.package_identification:_identify(src/Universal_Robots_ROS2_Driver/ur_moveit_config) by extension 'ignore_ament_install'
[0.286s] Level 1:colcon.colcon_core.package_identification:_identify(src/Universal_Robots_ROS2_Driver/ur_moveit_config) by extensions ['colcon_pkg']
[0.286s] Level 1:colcon.colcon_core.package_identification:_identify(src/Universal_Robots_ROS2_Driver/ur_moveit_config) by extension 'colcon_pkg'
[0.286s] Level 1:colcon.colcon_core.package_identification:_identify(src/Universal_Robots_ROS2_Driver/ur_moveit_config) by extensions ['colcon_meta']
[0.286s] Level 1:colcon.colcon_core.package_identification:_identify(src/Universal_Robots_ROS2_Driver/ur_moveit_config) by extension 'colcon_meta'
[0.286s] Level 1:colcon.colcon_core.package_identification:_identify(src/Universal_Robots_ROS2_Driver/ur_moveit_config) by extensions ['ros']
[0.286s] Level 1:colcon.colcon_core.package_identification:_identify(src/Universal_Robots_ROS2_Driver/ur_moveit_config) by extension 'ros'
[0.286s] DEBUG:colcon.colcon_core.package_identification:Package 'src/Universal_Robots_ROS2_Driver/ur_moveit_config' with type 'ros.ament_cmake' and name 'ur_moveit_config'
[0.286s] Level 1:colcon.colcon_core.package_identification:_identify(src/Universal_Robots_ROS2_Driver/ur_robot_driver) by extensions ['ignore', 'ignore_ament_install']
[0.287s] Level 1:colcon.colcon_core.package_identification:_identify(src/Universal_Robots_ROS2_Driver/ur_robot_driver) by extension 'ignore'
[0.287s] Level 1:colcon.colcon_core.package_identification:_identify(src/Universal_Robots_ROS2_Driver/ur_robot_driver) by extension 'ignore_ament_install'
[0.287s] Level 1:colcon.colcon_core.package_identification:_identify(src/Universal_Robots_ROS2_Driver/ur_robot_driver) by extensions ['colcon_pkg']
[0.287s] Level 1:colcon.colcon_core.package_identification:_identify(src/Universal_Robots_ROS2_Driver/ur_robot_driver) by extension 'colcon_pkg'
[0.287s] Level 1:colcon.colcon_core.package_identification:_identify(src/Universal_Robots_ROS2_Driver/ur_robot_driver) by extensions ['colcon_meta']
[0.287s] Level 1:colcon.colcon_core.package_identification:_identify(src/Universal_Robots_ROS2_Driver/ur_robot_driver) by extension 'colcon_meta'
[0.287s] Level 1:colcon.colcon_core.package_identification:_identify(src/Universal_Robots_ROS2_Driver/ur_robot_driver) by extensions ['ros']
[0.287s] Level 1:colcon.colcon_core.package_identification:_identify(src/Universal_Robots_ROS2_Driver/ur_robot_driver) by extension 'ros'
[0.289s] DEBUG:colcon.colcon_core.package_identification:Package 'src/Universal_Robots_ROS2_Driver/ur_robot_driver' with type 'ros.ament_cmake' and name 'ur_robot_driver'
[0.289s] Level 1:colcon.colcon_core.package_identification:_identify(src/Universal_Robots_ROS2_Gazebo_Simulation) by extensions ['ignore', 'ignore_ament_install']
[0.289s] Level 1:colcon.colcon_core.package_identification:_identify(src/Universal_Robots_ROS2_Gazebo_Simulation) by extension 'ignore'
[0.289s] Level 1:colcon.colcon_core.package_identification:_identify(src/Universal_Robots_ROS2_Gazebo_Simulation) by extension 'ignore_ament_install'
[0.289s] Level 1:colcon.colcon_core.package_identification:_identify(src/Universal_Robots_ROS2_Gazebo_Simulation) by extensions ['colcon_pkg']
[0.289s] Level 1:colcon.colcon_core.package_identification:_identify(src/Universal_Robots_ROS2_Gazebo_Simulation) by extension 'colcon_pkg'
[0.289s] Level 1:colcon.colcon_core.package_identification:_identify(src/Universal_Robots_ROS2_Gazebo_Simulation) by extensions ['colcon_meta']
[0.289s] Level 1:colcon.colcon_core.package_identification:_identify(src/Universal_Robots_ROS2_Gazebo_Simulation) by extension 'colcon_meta'
[0.289s] Level 1:colcon.colcon_core.package_identification:_identify(src/Universal_Robots_ROS2_Gazebo_Simulation) by extensions ['ros']
[0.289s] Level 1:colcon.colcon_core.package_identification:_identify(src/Universal_Robots_ROS2_Gazebo_Simulation) by extension 'ros'
[0.289s] Level 1:colcon.colcon_core.package_identification:_identify(src/Universal_Robots_ROS2_Gazebo_Simulation) by extensions ['cmake', 'python']
[0.289s] Level 1:colcon.colcon_core.package_identification:_identify(src/Universal_Robots_ROS2_Gazebo_Simulation) by extension 'cmake'
[0.289s] Level 1:colcon.colcon_core.package_identification:_identify(src/Universal_Robots_ROS2_Gazebo_Simulation) by extension 'python'
[0.289s] Level 1:colcon.colcon_core.package_identification:_identify(src/Universal_Robots_ROS2_Gazebo_Simulation) by extensions ['python_setup_py']
[0.289s] Level 1:colcon.colcon_core.package_identification:_identify(src/Universal_Robots_ROS2_Gazebo_Simulation) by extension 'python_setup_py'
[0.289s] Level 1:colcon.colcon_core.package_identification:_identify(src/Universal_Robots_ROS2_Gazebo_Simulation/ur_simulation_gazebo) by extensions ['ignore', 'ignore_ament_install']
[0.289s] Level 1:colcon.colcon_core.package_identification:_identify(src/Universal_Robots_ROS2_Gazebo_Simulation/ur_simulation_gazebo) by extension 'ignore'
[0.289s] Level 1:colcon.colcon_core.package_identification:_identify(src/Universal_Robots_ROS2_Gazebo_Simulation/ur_simulation_gazebo) by extension 'ignore_ament_install'
[0.289s] Level 1:colcon.colcon_core.package_identification:_identify(src/Universal_Robots_ROS2_Gazebo_Simulation/ur_simulation_gazebo) by extensions ['colcon_pkg']
[0.290s] Level 1:colcon.colcon_core.package_identification:_identify(src/Universal_Robots_ROS2_Gazebo_Simulation/ur_simulation_gazebo) by extension 'colcon_pkg'
[0.290s] Level 1:colcon.colcon_core.package_identification:_identify(src/Universal_Robots_ROS2_Gazebo_Simulation/ur_simulation_gazebo) by extensions ['colcon_meta']
[0.290s] Level 1:colcon.colcon_core.package_identification:_identify(src/Universal_Robots_ROS2_Gazebo_Simulation/ur_simulation_gazebo) by extension 'colcon_meta'
[0.290s] Level 1:colcon.colcon_core.package_identification:_identify(src/Universal_Robots_ROS2_Gazebo_Simulation/ur_simulation_gazebo) by extensions ['ros']
[0.290s] Level 1:colcon.colcon_core.package_identification:_identify(src/Universal_Robots_ROS2_Gazebo_Simulation/ur_simulation_gazebo) by extension 'ros'
[0.290s] DEBUG:colcon.colcon_core.package_identification:Package 'src/Universal_Robots_ROS2_Gazebo_Simulation/ur_simulation_gazebo' with type 'ros.ament_cmake' and name 'ur_simulation_gazebo'
[0.290s] Level 1:colcon.colcon_core.package_identification:_identify(src/dual_franka_description) by extensions ['ignore', 'ignore_ament_install']
[0.290s] Level 1:colcon.colcon_core.package_identification:_identify(src/dual_franka_description) by extension 'ignore'
[0.290s] Level 1:colcon.colcon_core.package_identification:_identify(src/dual_franka_description) by extension 'ignore_ament_install'
[0.290s] Level 1:colcon.colcon_core.package_identification:_identify(src/dual_franka_description) by extensions ['colcon_pkg']
[0.290s] Level 1:colcon.colcon_core.package_identification:_identify(src/dual_franka_description) by extension 'colcon_pkg'
[0.290s] Level 1:colcon.colcon_core.package_identification:_identify(src/dual_franka_description) by extensions ['colcon_meta']
[0.290s] Level 1:colcon.colcon_core.package_identification:_identify(src/dual_franka_description) by extension 'colcon_meta'
[0.290s] Level 1:colcon.colcon_core.package_identification:_identify(src/dual_franka_description) by extensions ['ros']
[0.290s] Level 1:colcon.colcon_core.package_identification:_identify(src/dual_franka_description) by extension 'ros'
[0.291s] DEBUG:colcon.colcon_core.package_identification:Package 'src/dual_franka_description' with type 'ros.ament_cmake' and name 'dual_franka_description'
[0.291s] Level 1:colcon.colcon_core.package_identification:_identify(src/franka_ros2) by extensions ['ignore', 'ignore_ament_install']
[0.291s] Level 1:colcon.colcon_core.package_identification:_identify(src/franka_ros2) by extension 'ignore'
[0.291s] Level 1:colcon.colcon_core.package_identification:_identify(src/franka_ros2) by extension 'ignore_ament_install'
[0.291s] Level 1:colcon.colcon_core.package_identification:_identify(src/franka_ros2) by extensions ['colcon_pkg']
[0.291s] Level 1:colcon.colcon_core.package_identification:_identify(src/franka_ros2) by extension 'colcon_pkg'
[0.291s] Level 1:colcon.colcon_core.package_identification:_identify(src/franka_ros2) by extensions ['colcon_meta']
[0.291s] Level 1:colcon.colcon_core.package_identification:_identify(src/franka_ros2) by extension 'colcon_meta'
[0.291s] Level 1:colcon.colcon_core.package_identification:_identify(src/franka_ros2) by extensions ['ros']
[0.291s] Level 1:colcon.colcon_core.package_identification:_identify(src/franka_ros2) by extension 'ros'
[0.291s] Level 1:colcon.colcon_core.package_identification:_identify(src/franka_ros2) by extensions ['cmake', 'python']
[0.291s] Level 1:colcon.colcon_core.package_identification:_identify(src/franka_ros2) by extension 'cmake'
[0.291s] Level 1:colcon.colcon_core.package_identification:_identify(src/franka_ros2) by extension 'python'
[0.291s] Level 1:colcon.colcon_core.package_identification:_identify(src/franka_ros2) by extensions ['python_setup_py']
[0.291s] Level 1:colcon.colcon_core.package_identification:_identify(src/franka_ros2) by extension 'python_setup_py'
[0.291s] Level 1:colcon.colcon_core.package_identification:_identify(src/franka_ros2/docs) by extensions ['ignore', 'ignore_ament_install']
[0.291s] Level 1:colcon.colcon_core.package_identification:_identify(src/franka_ros2/docs) by extension 'ignore'
[0.291s] Level 1:colcon.colcon_core.package_identification:_identify(src/franka_ros2/docs) by extension 'ignore_ament_install'
[0.291s] Level 1:colcon.colcon_core.package_identification:_identify(src/franka_ros2/docs) by extensions ['colcon_pkg']
[0.291s] Level 1:colcon.colcon_core.package_identification:_identify(src/franka_ros2/docs) by extension 'colcon_pkg'
[0.291s] Level 1:colcon.colcon_core.package_identification:_identify(src/franka_ros2/docs) by extensions ['colcon_meta']
[0.291s] Level 1:colcon.colcon_core.package_identification:_identify(src/franka_ros2/docs) by extension 'colcon_meta'
[0.291s] Level 1:colcon.colcon_core.package_identification:_identify(src/franka_ros2/docs) by extensions ['ros']
[0.292s] Level 1:colcon.colcon_core.package_identification:_identify(src/franka_ros2/docs) by extension 'ros'
[0.292s] Level 1:colcon.colcon_core.package_identification:_identify(src/franka_ros2/docs) by extensions ['cmake', 'python']
[0.292s] Level 1:colcon.colcon_core.package_identification:_identify(src/franka_ros2/docs) by extension 'cmake'
[0.292s] Level 1:colcon.colcon_core.package_identification:_identify(src/franka_ros2/docs) by extension 'python'
[0.292s] Level 1:colcon.colcon_core.package_identification:_identify(src/franka_ros2/docs) by extensions ['python_setup_py']
[0.292s] Level 1:colcon.colcon_core.package_identification:_identify(src/franka_ros2/docs) by extension 'python_setup_py'
[0.292s] Level 1:colcon.colcon_core.package_identification:_identify(src/franka_ros2/docs/assets) by extensions ['ignore', 'ignore_ament_install']
[0.292s] Level 1:colcon.colcon_core.package_identification:_identify(src/franka_ros2/docs/assets) by extension 'ignore'
[0.292s] Level 1:colcon.colcon_core.package_identification:_identify(src/franka_ros2/docs/assets) by extension 'ignore_ament_install'
[0.292s] Level 1:colcon.colcon_core.package_identification:_identify(src/franka_ros2/docs/assets) by extensions ['colcon_pkg']
[0.292s] Level 1:colcon.colcon_core.package_identification:_identify(src/franka_ros2/docs/assets) by extension 'colcon_pkg'
[0.292s] Level 1:colcon.colcon_core.package_identification:_identify(src/franka_ros2/docs/assets) by extensions ['colcon_meta']
[0.292s] Level 1:colcon.colcon_core.package_identification:_identify(src/franka_ros2/docs/assets) by extension 'colcon_meta'
[0.292s] Level 1:colcon.colcon_core.package_identification:_identify(src/franka_ros2/docs/assets) by extensions ['ros']
[0.292s] Level 1:colcon.colcon_core.package_identification:_identify(src/franka_ros2/docs/assets) by extension 'ros'
[0.292s] Level 1:colcon.colcon_core.package_identification:_identify(src/franka_ros2/docs/assets) by extensions ['cmake', 'python']
[0.292s] Level 1:colcon.colcon_core.package_identification:_identify(src/franka_ros2/docs/assets) by extension 'cmake'
[0.292s] Level 1:colcon.colcon_core.package_identification:_identify(src/franka_ros2/docs/assets) by extension 'python'
[0.292s] Level 1:colcon.colcon_core.package_identification:_identify(src/franka_ros2/docs/assets) by extensions ['python_setup_py']
[0.292s] Level 1:colcon.colcon_core.package_identification:_identify(src/franka_ros2/docs/assets) by extension 'python_setup_py'
[0.292s] Level 1:colcon.colcon_core.package_identification:_identify(src/franka_ros2/franka_bringup) by extensions ['ignore', 'ignore_ament_install']
[0.292s] Level 1:colcon.colcon_core.package_identification:_identify(src/franka_ros2/franka_bringup) by extension 'ignore'
[0.292s] Level 1:colcon.colcon_core.package_identification:_identify(src/franka_ros2/franka_bringup) by extension 'ignore_ament_install'
[0.292s] Level 1:colcon.colcon_core.package_identification:_identify(src/franka_ros2/franka_bringup) by extensions ['colcon_pkg']
[0.292s] Level 1:colcon.colcon_core.package_identification:_identify(src/franka_ros2/franka_bringup) by extension 'colcon_pkg'
[0.292s] Level 1:colcon.colcon_core.package_identification:_identify(src/franka_ros2/franka_bringup) by extensions ['colcon_meta']
[0.292s] Level 1:colcon.colcon_core.package_identification:_identify(src/franka_ros2/franka_bringup) by extension 'colcon_meta'
[0.292s] Level 1:colcon.colcon_core.package_identification:_identify(src/franka_ros2/franka_bringup) by extensions ['ros']
[0.292s] Level 1:colcon.colcon_core.package_identification:_identify(src/franka_ros2/franka_bringup) by extension 'ros'
[0.297s] DEBUG:colcon.colcon_core.package_identification:Package 'src/franka_ros2/franka_bringup' with type 'ros.ament_cmake' and name 'franka_bringup'
[0.298s] Level 1:colcon.colcon_core.package_identification:_identify(src/franka_ros2/franka_example_controllers) by extensions ['ignore', 'ignore_ament_install']
[0.298s] Level 1:colcon.colcon_core.package_identification:_identify(src/franka_ros2/franka_example_controllers) by extension 'ignore'
[0.298s] Level 1:colcon.colcon_core.package_identification:_identify(src/franka_ros2/franka_example_controllers) by extension 'ignore_ament_install'
[0.298s] Level 1:colcon.colcon_core.package_identification:_identify(src/franka_ros2/franka_example_controllers) by extensions ['colcon_pkg']
[0.298s] Level 1:colcon.colcon_core.package_identification:_identify(src/franka_ros2/franka_example_controllers) by extension 'colcon_pkg'
[0.298s] Level 1:colcon.colcon_core.package_identification:_identify(src/franka_ros2/franka_example_controllers) by extensions ['colcon_meta']
[0.298s] Level 1:colcon.colcon_core.package_identification:_identify(src/franka_ros2/franka_example_controllers) by extension 'colcon_meta'
[0.298s] Level 1:colcon.colcon_core.package_identification:_identify(src/franka_ros2/franka_example_controllers) by extensions ['ros']
[0.298s] Level 1:colcon.colcon_core.package_identification:_identify(src/franka_ros2/franka_example_controllers) by extension 'ros'
[0.299s] DEBUG:colcon.colcon_core.package_identification:Package 'src/franka_ros2/franka_example_controllers' with type 'ros.ament_cmake' and name 'franka_example_controllers'
[0.299s] Level 1:colcon.colcon_core.package_identification:_identify(src/franka_ros2/franka_fr3_moveit_config) by extensions ['ignore', 'ignore_ament_install']
[0.299s] Level 1:colcon.colcon_core.package_identification:_identify(src/franka_ros2/franka_fr3_moveit_config) by extension 'ignore'
[0.299s] Level 1:colcon.colcon_core.package_identification:_identify(src/franka_ros2/franka_fr3_moveit_config) by extension 'ignore_ament_install'
[0.299s] Level 1:colcon.colcon_core.package_identification:_identify(src/franka_ros2/franka_fr3_moveit_config) by extensions ['colcon_pkg']
[0.299s] Level 1:colcon.colcon_core.package_identification:_identify(src/franka_ros2/franka_fr3_moveit_config) by extension 'colcon_pkg'
[0.299s] Level 1:colcon.colcon_core.package_identification:_identify(src/franka_ros2/franka_fr3_moveit_config) by extensions ['colcon_meta']
[0.299s] Level 1:colcon.colcon_core.package_identification:_identify(src/franka_ros2/franka_fr3_moveit_config) by extension 'colcon_meta'
[0.299s] Level 1:colcon.colcon_core.package_identification:_identify(src/franka_ros2/franka_fr3_moveit_config) by extensions ['ros']
[0.299s] Level 1:colcon.colcon_core.package_identification:_identify(src/franka_ros2/franka_fr3_moveit_config) by extension 'ros'
[0.299s] DEBUG:colcon.colcon_core.package_identification:Package 'src/franka_ros2/franka_fr3_moveit_config' with type 'ros.ament_cmake' and name 'franka_fr3_moveit_config'
[0.299s] Level 1:colcon.colcon_core.package_identification:_identify(src/franka_ros2/franka_gazebo) by extensions ['ignore', 'ignore_ament_install']
[0.299s] Level 1:colcon.colcon_core.package_identification:_identify(src/franka_ros2/franka_gazebo) by extension 'ignore'
[0.299s] Level 1:colcon.colcon_core.package_identification:_identify(src/franka_ros2/franka_gazebo) by extension 'ignore_ament_install'
[0.299s] Level 1:colcon.colcon_core.package_identification:_identify(src/franka_ros2/franka_gazebo) by extensions ['colcon_pkg']
[0.299s] Level 1:colcon.colcon_core.package_identification:_identify(src/franka_ros2/franka_gazebo) by extension 'colcon_pkg'
[0.300s] Level 1:colcon.colcon_core.package_identification:_identify(src/franka_ros2/franka_gazebo) by extensions ['colcon_meta']
[0.300s] Level 1:colcon.colcon_core.package_identification:_identify(src/franka_ros2/franka_gazebo) by extension 'colcon_meta'
[0.300s] Level 1:colcon.colcon_core.package_identification:_identify(src/franka_ros2/franka_gazebo) by extensions ['ros']
[0.300s] Level 1:colcon.colcon_core.package_identification:_identify(src/franka_ros2/franka_gazebo) by extension 'ros'
[0.300s] Level 1:colcon.colcon_core.package_identification:_identify(src/franka_ros2/franka_gazebo) by extensions ['cmake', 'python']
[0.300s] Level 1:colcon.colcon_core.package_identification:_identify(src/franka_ros2/franka_gazebo) by extension 'cmake'
[0.300s] Level 1:colcon.colcon_core.package_identification:_identify(src/franka_ros2/franka_gazebo) by extension 'python'
[0.300s] Level 1:colcon.colcon_core.package_identification:_identify(src/franka_ros2/franka_gazebo) by extensions ['python_setup_py']
[0.300s] Level 1:colcon.colcon_core.package_identification:_identify(src/franka_ros2/franka_gazebo) by extension 'python_setup_py'
[0.300s] Level 1:colcon.colcon_core.package_identification:_identify(src/franka_ros2/franka_gazebo/doc) by extensions ['ignore', 'ignore_ament_install']
[0.300s] Level 1:colcon.colcon_core.package_identification:_identify(src/franka_ros2/franka_gazebo/doc) by extension 'ignore'
[0.300s] Level 1:colcon.colcon_core.package_identification:_identify(src/franka_ros2/franka_gazebo/doc) by extension 'ignore_ament_install'
[0.300s] Level 1:colcon.colcon_core.package_identification:_identify(src/franka_ros2/franka_gazebo/doc) by extensions ['colcon_pkg']
[0.300s] Level 1:colcon.colcon_core.package_identification:_identify(src/franka_ros2/franka_gazebo/doc) by extension 'colcon_pkg'
[0.300s] Level 1:colcon.colcon_core.package_identification:_identify(src/franka_ros2/franka_gazebo/doc) by extensions ['colcon_meta']
[0.300s] Level 1:colcon.colcon_core.package_identification:_identify(src/franka_ros2/franka_gazebo/doc) by extension 'colcon_meta'
[0.300s] Level 1:colcon.colcon_core.package_identification:_identify(src/franka_ros2/franka_gazebo/doc) by extensions ['ros']
[0.300s] Level 1:colcon.colcon_core.package_identification:_identify(src/franka_ros2/franka_gazebo/doc) by extension 'ros'
[0.300s] Level 1:colcon.colcon_core.package_identification:_identify(src/franka_ros2/franka_gazebo/doc) by extensions ['cmake', 'python']
[0.300s] Level 1:colcon.colcon_core.package_identification:_identify(src/franka_ros2/franka_gazebo/doc) by extension 'cmake'
[0.300s] Level 1:colcon.colcon_core.package_identification:_identify(src/franka_ros2/franka_gazebo/doc) by extension 'python'
[0.300s] Level 1:colcon.colcon_core.package_identification:_identify(src/franka_ros2/franka_gazebo/doc) by extensions ['python_setup_py']
[0.300s] Level 1:colcon.colcon_core.package_identification:_identify(src/franka_ros2/franka_gazebo/doc) by extension 'python_setup_py'
[0.300s] Level 1:colcon.colcon_core.package_identification:_identify(src/franka_ros2/franka_gazebo/franka_gazebo_bringup) by extensions ['ignore', 'ignore_ament_install']
[0.300s] Level 1:colcon.colcon_core.package_identification:_identify(src/franka_ros2/franka_gazebo/franka_gazebo_bringup) by extension 'ignore'
[0.300s] Level 1:colcon.colcon_core.package_identification:_identify(src/franka_ros2/franka_gazebo/franka_gazebo_bringup) by extension 'ignore_ament_install'
[0.300s] Level 1:colcon.colcon_core.package_identification:_identify(src/franka_ros2/franka_gazebo/franka_gazebo_bringup) by extensions ['colcon_pkg']
[0.300s] Level 1:colcon.colcon_core.package_identification:_identify(src/franka_ros2/franka_gazebo/franka_gazebo_bringup) by extension 'colcon_pkg'
[0.300s] Level 1:colcon.colcon_core.package_identification:_identify(src/franka_ros2/franka_gazebo/franka_gazebo_bringup) by extensions ['colcon_meta']
[0.300s] Level 1:colcon.colcon_core.package_identification:_identify(src/franka_ros2/franka_gazebo/franka_gazebo_bringup) by extension 'colcon_meta'
[0.300s] Level 1:colcon.colcon_core.package_identification:_identify(src/franka_ros2/franka_gazebo/franka_gazebo_bringup) by extensions ['ros']
[0.300s] Level 1:colcon.colcon_core.package_identification:_identify(src/franka_ros2/franka_gazebo/franka_gazebo_bringup) by extension 'ros'
[0.301s] DEBUG:colcon.colcon_core.package_identification:Package 'src/franka_ros2/franka_gazebo/franka_gazebo_bringup' with type 'ros.ament_cmake' and name 'franka_gazebo_bringup'
[0.301s] Level 1:colcon.colcon_core.package_identification:_identify(src/franka_ros2/franka_gazebo/franka_ign_ros2_control) by extensions ['ignore', 'ignore_ament_install']
[0.301s] Level 1:colcon.colcon_core.package_identification:_identify(src/franka_ros2/franka_gazebo/franka_ign_ros2_control) by extension 'ignore'
[0.301s] Level 1:colcon.colcon_core.package_identification:_identify(src/franka_ros2/franka_gazebo/franka_ign_ros2_control) by extension 'ignore_ament_install'
[0.301s] Level 1:colcon.colcon_core.package_identification:_identify(src/franka_ros2/franka_gazebo/franka_ign_ros2_control) by extensions ['colcon_pkg']
[0.301s] Level 1:colcon.colcon_core.package_identification:_identify(src/franka_ros2/franka_gazebo/franka_ign_ros2_control) by extension 'colcon_pkg'
[0.301s] Level 1:colcon.colcon_core.package_identification:_identify(src/franka_ros2/franka_gazebo/franka_ign_ros2_control) by extensions ['colcon_meta']
[0.301s] Level 1:colcon.colcon_core.package_identification:_identify(src/franka_ros2/franka_gazebo/franka_ign_ros2_control) by extension 'colcon_meta'
[0.301s] Level 1:colcon.colcon_core.package_identification:_identify(src/franka_ros2/franka_gazebo/franka_ign_ros2_control) by extensions ['ros']
[0.301s] Level 1:colcon.colcon_core.package_identification:_identify(src/franka_ros2/franka_gazebo/franka_ign_ros2_control) by extension 'ros'
[0.304s] DEBUG:colcon.colcon_core.package_identification:Package 'src/franka_ros2/franka_gazebo/franka_ign_ros2_control' with type 'ros.ament_cmake' and name 'franka_ign_ros2_control'
[0.305s] Level 1:colcon.colcon_core.package_identification:_identify(src/franka_ros2/franka_gripper) by extensions ['ignore', 'ignore_ament_install']
[0.305s] Level 1:colcon.colcon_core.package_identification:_identify(src/franka_ros2/franka_gripper) by extension 'ignore'
[0.305s] Level 1:colcon.colcon_core.package_identification:_identify(src/franka_ros2/franka_gripper) by extension 'ignore_ament_install'
[0.305s] Level 1:colcon.colcon_core.package_identification:_identify(src/franka_ros2/franka_gripper) by extensions ['colcon_pkg']
[0.305s] Level 1:colcon.colcon_core.package_identification:_identify(src/franka_ros2/franka_gripper) by extension 'colcon_pkg'
[0.305s] Level 1:colcon.colcon_core.package_identification:_identify(src/franka_ros2/franka_gripper) by extensions ['colcon_meta']
[0.305s] Level 1:colcon.colcon_core.package_identification:_identify(src/franka_ros2/franka_gripper) by extension 'colcon_meta'
[0.305s] Level 1:colcon.colcon_core.package_identification:_identify(src/franka_ros2/franka_gripper) by extensions ['ros']
[0.305s] Level 1:colcon.colcon_core.package_identification:_identify(src/franka_ros2/franka_gripper) by extension 'ros'
[0.306s] DEBUG:colcon.colcon_core.package_identification:Package 'src/franka_ros2/franka_gripper' with type 'ros.ament_cmake' and name 'franka_gripper'
[0.306s] Level 1:colcon.colcon_core.package_identification:_identify(src/franka_ros2/franka_hardware) by extensions ['ignore', 'ignore_ament_install']
[0.306s] Level 1:colcon.colcon_core.package_identification:_identify(src/franka_ros2/franka_hardware) by extension 'ignore'
[0.306s] Level 1:colcon.colcon_core.package_identification:_identify(src/franka_ros2/franka_hardware) by extension 'ignore_ament_install'
[0.306s] Level 1:colcon.colcon_core.package_identification:_identify(src/franka_ros2/franka_hardware) by extensions ['colcon_pkg']
[0.306s] Level 1:colcon.colcon_core.package_identification:_identify(src/franka_ros2/franka_hardware) by extension 'colcon_pkg'
[0.306s] Level 1:colcon.colcon_core.package_identification:_identify(src/franka_ros2/franka_hardware) by extensions ['colcon_meta']
[0.306s] Level 1:colcon.colcon_core.package_identification:_identify(src/franka_ros2/franka_hardware) by extension 'colcon_meta'
[0.306s] Level 1:colcon.colcon_core.package_identification:_identify(src/franka_ros2/franka_hardware) by extensions ['ros']
[0.306s] Level 1:colcon.colcon_core.package_identification:_identify(src/franka_ros2/franka_hardware) by extension 'ros'
[0.306s] DEBUG:colcon.colcon_core.package_identification:Package 'src/franka_ros2/franka_hardware' with type 'ros.ament_cmake' and name 'franka_hardware'
[0.307s] Level 1:colcon.colcon_core.package_identification:_identify(src/franka_ros2/franka_mobile_example_controllers) by extensions ['ignore', 'ignore_ament_install']
[0.307s] Level 1:colcon.colcon_core.package_identification:_identify(src/franka_ros2/franka_mobile_example_controllers) by extension 'ignore'
[0.307s] Level 1:colcon.colcon_core.package_identification:_identify(src/franka_ros2/franka_mobile_example_controllers) by extension 'ignore_ament_install'
[0.307s] Level 1:colcon.colcon_core.package_identification:_identify(src/franka_ros2/franka_mobile_example_controllers) by extensions ['colcon_pkg']
[0.307s] Level 1:colcon.colcon_core.package_identification:_identify(src/franka_ros2/franka_mobile_example_controllers) by extension 'colcon_pkg'
[0.307s] Level 1:colcon.colcon_core.package_identification:_identify(src/franka_ros2/franka_mobile_example_controllers) by extensions ['colcon_meta']
[0.307s] Level 1:colcon.colcon_core.package_identification:_identify(src/franka_ros2/franka_mobile_example_controllers) by extension 'colcon_meta'
[0.307s] Level 1:colcon.colcon_core.package_identification:_identify(src/franka_ros2/franka_mobile_example_controllers) by extensions ['ros']
[0.307s] Level 1:colcon.colcon_core.package_identification:_identify(src/franka_ros2/franka_mobile_example_controllers) by extension 'ros'
[0.307s] DEBUG:colcon.colcon_core.package_identification:Package 'src/franka_ros2/franka_mobile_example_controllers' with type 'ros.ament_cmake' and name 'franka_mobile_example_controllers'
[0.308s] Level 1:colcon.colcon_core.package_identification:_identify(src/franka_ros2/franka_mobile_sensors) by extensions ['ignore', 'ignore_ament_install']
[0.308s] Level 1:colcon.colcon_core.package_identification:_identify(src/franka_ros2/franka_mobile_sensors) by extension 'ignore'
[0.308s] Level 1:colcon.colcon_core.package_identification:_identify(src/franka_ros2/franka_mobile_sensors) ignored
[0.308s] Level 1:colcon.colcon_core.package_identification:_identify(src/franka_ros2/franka_msgs) by extensions ['ignore', 'ignore_ament_install']
[0.308s] Level 1:colcon.colcon_core.package_identification:_identify(src/franka_ros2/franka_msgs) by extension 'ignore'
[0.308s] Level 1:colcon.colcon_core.package_identification:_identify(src/franka_ros2/franka_msgs) by extension 'ignore_ament_install'
[0.308s] Level 1:colcon.colcon_core.package_identification:_identify(src/franka_ros2/franka_msgs) by extensions ['colcon_pkg']
[0.308s] Level 1:colcon.colcon_core.package_identification:_identify(src/franka_ros2/franka_msgs) by extension 'colcon_pkg'
[0.308s] Level 1:colcon.colcon_core.package_identification:_identify(src/franka_ros2/franka_msgs) by extensions ['colcon_meta']
[0.308s] Level 1:colcon.colcon_core.package_identification:_identify(src/franka_ros2/franka_msgs) by extension 'colcon_meta'
[0.308s] Level 1:colcon.colcon_core.package_identification:_identify(src/franka_ros2/franka_msgs) by extensions ['ros']
[0.308s] Level 1:colcon.colcon_core.package_identification:_identify(src/franka_ros2/franka_msgs) by extension 'ros'
[0.308s] DEBUG:colcon.colcon_core.package_identification:Package 'src/franka_ros2/franka_msgs' with type 'ros.ament_cmake' and name 'franka_msgs'
[0.309s] Level 1:colcon.colcon_core.package_identification:_identify(src/franka_ros2/franka_robot_state_broadcaster) by extensions ['ignore', 'ignore_ament_install']
[0.309s] Level 1:colcon.colcon_core.package_identification:_identify(src/franka_ros2/franka_robot_state_broadcaster) by extension 'ignore'
[0.309s] Level 1:colcon.colcon_core.package_identification:_identify(src/franka_ros2/franka_robot_state_broadcaster) by extension 'ignore_ament_install'
[0.309s] Level 1:colcon.colcon_core.package_identification:_identify(src/franka_ros2/franka_robot_state_broadcaster) by extensions ['colcon_pkg']
[0.309s] Level 1:colcon.colcon_core.package_identification:_identify(src/franka_ros2/franka_robot_state_broadcaster) by extension 'colcon_pkg'
[0.309s] Level 1:colcon.colcon_core.package_identification:_identify(src/franka_ros2/franka_robot_state_broadcaster) by extensions ['colcon_meta']
[0.309s] Level 1:colcon.colcon_core.package_identification:_identify(src/franka_ros2/franka_robot_state_broadcaster) by extension 'colcon_meta'
[0.309s] Level 1:colcon.colcon_core.package_identification:_identify(src/franka_ros2/franka_robot_state_broadcaster) by extensions ['ros']
[0.309s] Level 1:colcon.colcon_core.package_identification:_identify(src/franka_ros2/franka_robot_state_broadcaster) by extension 'ros'
[0.310s] DEBUG:colcon.colcon_core.package_identification:Package 'src/franka_ros2/franka_robot_state_broadcaster' with type 'ros.ament_cmake' and name 'franka_robot_state_broadcaster'
[0.310s] Level 1:colcon.colcon_core.package_identification:_identify(src/franka_ros2/franka_ros2) by extensions ['ignore', 'ignore_ament_install']
[0.310s] Level 1:colcon.colcon_core.package_identification:_identify(src/franka_ros2/franka_ros2) by extension 'ignore'
[0.310s] Level 1:colcon.colcon_core.package_identification:_identify(src/franka_ros2/franka_ros2) by extension 'ignore_ament_install'
[0.310s] Level 1:colcon.colcon_core.package_identification:_identify(src/franka_ros2/franka_ros2) by extensions ['colcon_pkg']
[0.310s] Level 1:colcon.colcon_core.package_identification:_identify(src/franka_ros2/franka_ros2) by extension 'colcon_pkg'
[0.310s] Level 1:colcon.colcon_core.package_identification:_identify(src/franka_ros2/franka_ros2) by extensions ['colcon_meta']
[0.310s] Level 1:colcon.colcon_core.package_identification:_identify(src/franka_ros2/franka_ros2) by extension 'colcon_meta'
[0.310s] Level 1:colcon.colcon_core.package_identification:_identify(src/franka_ros2/franka_ros2) by extensions ['ros']
[0.310s] Level 1:colcon.colcon_core.package_identification:_identify(src/franka_ros2/franka_ros2) by extension 'ros'
[0.311s] DEBUG:colcon.colcon_core.package_identification:Package 'src/franka_ros2/franka_ros2' with type 'ros.ament_cmake' and name 'franka_ros2'
[0.311s] Level 1:colcon.colcon_core.package_identification:_identify(src/franka_ros2/franka_semantic_components) by extensions ['ignore', 'ignore_ament_install']
[0.311s] Level 1:colcon.colcon_core.package_identification:_identify(src/franka_ros2/franka_semantic_components) by extension 'ignore'
[0.311s] Level 1:colcon.colcon_core.package_identification:_identify(src/franka_ros2/franka_semantic_components) by extension 'ignore_ament_install'
[0.311s] Level 1:colcon.colcon_core.package_identification:_identify(src/franka_ros2/franka_semantic_components) by extensions ['colcon_pkg']
[0.311s] Level 1:colcon.colcon_core.package_identification:_identify(src/franka_ros2/franka_semantic_components) by extension 'colcon_pkg'
[0.311s] Level 1:colcon.colcon_core.package_identification:_identify(src/franka_ros2/franka_semantic_components) by extensions ['colcon_meta']
[0.311s] Level 1:colcon.colcon_core.package_identification:_identify(src/franka_ros2/franka_semantic_components) by extension 'colcon_meta'
[0.311s] Level 1:colcon.colcon_core.package_identification:_identify(src/franka_ros2/franka_semantic_components) by extensions ['ros']
[0.311s] Level 1:colcon.colcon_core.package_identification:_identify(src/franka_ros2/franka_semantic_components) by extension 'ros'
[0.312s] DEBUG:colcon.colcon_core.package_identification:Package 'src/franka_ros2/franka_semantic_components' with type 'ros.ament_cmake' and name 'franka_semantic_components'
[0.312s] Level 1:colcon.colcon_core.package_identification:_identify(src/franka_ros2/integration_launch_testing) by extensions ['ignore', 'ignore_ament_install']
[0.312s] Level 1:colcon.colcon_core.package_identification:_identify(src/franka_ros2/integration_launch_testing) by extension 'ignore'
[0.312s] Level 1:colcon.colcon_core.package_identification:_identify(src/franka_ros2/integration_launch_testing) by extension 'ignore_ament_install'
[0.312s] Level 1:colcon.colcon_core.package_identification:_identify(src/franka_ros2/integration_launch_testing) by extensions ['colcon_pkg']
[0.312s] Level 1:colcon.colcon_core.package_identification:_identify(src/franka_ros2/integration_launch_testing) by extension 'colcon_pkg'
[0.312s] Level 1:colcon.colcon_core.package_identification:_identify(src/franka_ros2/integration_launch_testing) by extensions ['colcon_meta']
[0.312s] Level 1:colcon.colcon_core.package_identification:_identify(src/franka_ros2/integration_launch_testing) by extension 'colcon_meta'
[0.312s] Level 1:colcon.colcon_core.package_identification:_identify(src/franka_ros2/integration_launch_testing) by extensions ['ros']
[0.312s] Level 1:colcon.colcon_core.package_identification:_identify(src/franka_ros2/integration_launch_testing) by extension 'ros'
[0.312s] DEBUG:colcon.colcon_core.package_identification:Package 'src/franka_ros2/integration_launch_testing' with type 'ros.ament_cmake' and name 'integration_launch_testing'
[0.312s] Level 1:colcon.colcon_core.package_identification:_identify(src/my_ur_control) by extensions ['ignore', 'ignore_ament_install']
[0.312s] Level 1:colcon.colcon_core.package_identification:_identify(src/my_ur_control) by extension 'ignore'
[0.312s] Level 1:colcon.colcon_core.package_identification:_identify(src/my_ur_control) by extension 'ignore_ament_install'
[0.312s] Level 1:colcon.colcon_core.package_identification:_identify(src/my_ur_control) by extensions ['colcon_pkg']
[0.312s] Level 1:colcon.colcon_core.package_identification:_identify(src/my_ur_control) by extension 'colcon_pkg'
[0.312s] Level 1:colcon.colcon_core.package_identification:_identify(src/my_ur_control) by extensions ['colcon_meta']
[0.312s] Level 1:colcon.colcon_core.package_identification:_identify(src/my_ur_control) by extension 'colcon_meta'
[0.313s] Level 1:colcon.colcon_core.package_identification:_identify(src/my_ur_control) by extensions ['ros']
[0.313s] Level 1:colcon.colcon_core.package_identification:_identify(src/my_ur_control) by extension 'ros'
[0.313s] DEBUG:colcon.colcon_core.package_identification:Package 'src/my_ur_control' with type 'ros.ament_python' and name 'my_ur_control'
[0.313s] Level 1:colcon.colcon_core.package_discovery:discover_packages(recursive) using defaults
[0.313s] Level 1:colcon.colcon_core.package_discovery:discover_packages(ignore) discover
[0.313s] Level 1:colcon.colcon_core.package_discovery:discover_packages(ignore) using defaults
[0.313s] Level 1:colcon.colcon_core.package_discovery:discover_packages(path) discover
[0.313s] Level 1:colcon.colcon_core.package_discovery:discover_packages(path) using defaults
[0.313s] WARNING:colcon.colcon_core.package_selection:ignoring unknown package 'franka_description' in --packages-select
[0.337s] INFO:colcon.colcon_core.package_selection:Skipping not selected package 'franka_msgs' in 'src/franka_ros2/franka_msgs'
[0.337s] INFO:colcon.colcon_core.package_selection:Skipping not selected package 'integration_launch_testing' in 'src/franka_ros2/integration_launch_testing'
[0.337s] INFO:colcon.colcon_core.package_selection:Skipping not selected package 'my_ur_control' in 'src/my_ur_control'
[0.337s] INFO:colcon.colcon_core.package_selection:Skipping not selected package 'ur_dashboard_msgs' in 'src/Universal_Robots_ROS2_Driver/ur_dashboard_msgs'
[0.337s] INFO:colcon.colcon_core.package_selection:Skipping not selected package 'ur_moveit_config' in 'src/Universal_Robots_ROS2_Driver/ur_moveit_config'
[0.337s] INFO:colcon.colcon_core.package_selection:Skipping not selected package 'franka_gripper' in 'src/franka_ros2/franka_gripper'
[0.337s] INFO:colcon.colcon_core.package_selection:Skipping not selected package 'franka_hardware' in 'src/franka_ros2/franka_hardware'
[0.337s] INFO:colcon.colcon_core.package_selection:Skipping not selected package 'ur_controllers' in 'src/Universal_Robots_ROS2_Driver/ur_controllers'
[0.337s] INFO:colcon.colcon_core.package_selection:Skipping not selected package 'franka_fr3_moveit_config' in 'src/franka_ros2/franka_fr3_moveit_config'
[0.337s] INFO:colcon.colcon_core.package_selection:Skipping not selected package 'franka_ign_ros2_control' in 'src/franka_ros2/franka_gazebo/franka_ign_ros2_control'
[0.337s] INFO:colcon.colcon_core.package_selection:Skipping not selected package 'franka_semantic_components' in 'src/franka_ros2/franka_semantic_components'
[0.337s] INFO:colcon.colcon_core.package_selection:Skipping not selected package 'ur_bringup' in 'src/Universal_Robots_ROS2_Driver/ur_bringup'
[0.337s] INFO:colcon.colcon_core.package_selection:Skipping not selected package 'ur_robot_driver' in 'src/Universal_Robots_ROS2_Driver/ur_robot_driver'
[0.337s] INFO:colcon.colcon_core.package_selection:Skipping not selected package 'ur_simulation_gazebo' in 'src/Universal_Robots_ROS2_Gazebo_Simulation/ur_simulation_gazebo'
[0.337s] INFO:colcon.colcon_core.package_selection:Skipping not selected package 'franka_example_controllers' in 'src/franka_ros2/franka_example_controllers'
[0.337s] INFO:colcon.colcon_core.package_selection:Skipping not selected package 'franka_gazebo_bringup' in 'src/franka_ros2/franka_gazebo/franka_gazebo_bringup'
[0.337s] INFO:colcon.colcon_core.package_selection:Skipping not selected package 'franka_mobile_example_controllers' in 'src/franka_ros2/franka_mobile_example_controllers'
[0.337s] INFO:colcon.colcon_core.package_selection:Skipping not selected package 'franka_robot_state_broadcaster' in 'src/franka_ros2/franka_robot_state_broadcaster'
[0.337s] INFO:colcon.colcon_core.package_selection:Skipping not selected package 'ur_calibration' in 'src/Universal_Robots_ROS2_Driver/ur_calibration'
[0.337s] INFO:colcon.colcon_core.package_selection:Skipping not selected package 'franka_bringup' in 'src/franka_ros2/franka_bringup'
[0.337s] INFO:colcon.colcon_core.package_selection:Skipping not selected package 'ur' in 'src/Universal_Robots_ROS2_Driver/ur'
[0.337s] INFO:colcon.colcon_core.package_selection:Skipping not selected package 'franka_ros2' in 'src/franka_ros2/franka_ros2'
[0.338s] Level 1:colcon.colcon_core.package_discovery:discover_packages(prefix_path) check parameters
[0.338s] Level 1:colcon.colcon_core.package_discovery:discover_packages(prefix_path) discover
[0.341s] DEBUG:colcon.colcon_installed_package_information.package_discovery:Found 427 installed packages in /opt/ros/humble
[0.342s] Level 1:colcon.colcon_core.package_discovery:discover_packages(prefix_path) using defaults
[0.377s] Level 5:colcon.colcon_core.verb:set package 'dual_franka_description' build argument 'cmake_args' from command line to 'None'
[0.377s] Level 5:colcon.colcon_core.verb:set package 'dual_franka_description' build argument 'cmake_target' from command line to 'None'
[0.377s] Level 5:colcon.colcon_core.verb:set package 'dual_franka_description' build argument 'cmake_target_skip_unavailable' from command line to 'False'
[0.377s] Level 5:colcon.colcon_core.verb:set package 'dual_franka_description' build argument 'cmake_clean_cache' from command line to 'False'
[0.377s] Level 5:colcon.colcon_core.verb:set package 'dual_franka_description' build argument 'cmake_clean_first' from command line to 'False'
[0.377s] Level 5:colcon.colcon_core.verb:set package 'dual_franka_description' build argument 'cmake_force_configure' from command line to 'False'
[0.377s] Level 5:colcon.colcon_core.verb:set package 'dual_franka_description' build argument 'ament_cmake_args' from command line to 'None'
[0.377s] Level 5:colcon.colcon_core.verb:set package 'dual_franka_description' build argument 'catkin_cmake_args' from command line to 'None'
[0.377s] Level 5:colcon.colcon_core.verb:set package 'dual_franka_description' build argument 'catkin_skip_building_tests' from command line to 'False'
[0.377s] DEBUG:colcon.colcon_core.verb:Building package 'dual_franka_description' with the following arguments: {'ament_cmake_args': None, 'build_base': '/home/jhkim/ros2_ws/build/dual_franka_description', 'catkin_cmake_args': None, 'catkin_skip_building_tests': False, 'cmake_args': None, 'cmake_clean_cache': False, 'cmake_clean_first': False, 'cmake_force_configure': False, 'cmake_target': None, 'cmake_target_skip_unavailable': False, 'install_base': '/home/jhkim/ros2_ws/install/dual_franka_description', 'merge_install': False, 'path': '/home/jhkim/ros2_ws/src/dual_franka_description', 'symlink_install': True, 'test_result_base': None}
[0.377s] INFO:colcon.colcon_core.executor:Executing jobs using 'parallel' executor
[0.378s] DEBUG:colcon.colcon_parallel_executor.executor.parallel:run_until_complete
[0.378s] INFO:colcon.colcon_ros.task.ament_cmake.build:Building ROS package in '/home/jhkim/ros2_ws/src/dual_franka_description' with build type 'ament_cmake'
[0.378s] INFO:colcon.colcon_cmake.task.cmake.build:Building CMake package in '/home/jhkim/ros2_ws/src/dual_franka_description'
[0.381s] INFO:colcon.colcon_core.plugin_system:Skipping extension 'colcon_core.shell.bat': Not used on non-Windows systems
[0.381s] INFO:colcon.colcon_core.shell:Skip shell extension 'powershell' for command environment: Not usable outside of PowerShell
[0.381s] DEBUG:colcon.colcon_core.shell:Skip shell extension 'dsv' for command environment
[0.388s] DEBUG:colcon.colcon_core.event_handler.log_command:Invoking command in '/home/jhkim/ros2_ws/build/dual_franka_description': CMAKE_PREFIX_PATH=/opt/ros/humble /usr/bin/cmake /home/jhkim/ros2_ws/src/dual_franka_description -DAMENT_CMAKE_SYMLINK_INSTALL=1 -DCMAKE_INSTALL_PREFIX=/home/jhkim/ros2_ws/install/dual_franka_description
[1.246s] DEBUG:colcon.colcon_core.event_handler.log_command:Invoked command in '/home/jhkim/ros2_ws/build/dual_franka_description' returned '0': CMAKE_PREFIX_PATH=/opt/ros/humble /usr/bin/cmake /home/jhkim/ros2_ws/src/dual_franka_description -DAMENT_CMAKE_SYMLINK_INSTALL=1 -DCMAKE_INSTALL_PREFIX=/home/jhkim/ros2_ws/install/dual_franka_description
[1.247s] DEBUG:colcon.colcon_core.event_handler.log_command:Invoking command in '/home/jhkim/ros2_ws/build/dual_franka_description': CMAKE_PREFIX_PATH=/opt/ros/humble /usr/bin/cmake --build /home/jhkim/ros2_ws/build/dual_franka_description -- -j32 -l32
[1.272s] DEBUG:colcon.colcon_core.event_handler.log_command:Invoked command in '/home/jhkim/ros2_ws/build/dual_franka_description' returned '0': CMAKE_PREFIX_PATH=/opt/ros/humble /usr/bin/cmake --build /home/jhkim/ros2_ws/build/dual_franka_description -- -j32 -l32
[1.278s] DEBUG:colcon.colcon_core.event_handler.log_command:Invoking command in '/home/jhkim/ros2_ws/build/dual_franka_description': CMAKE_PREFIX_PATH=/opt/ros/humble /usr/bin/cmake --install /home/jhkim/ros2_ws/build/dual_franka_description
[1.364s] Level 1:colcon.colcon_core.environment:create_environment_scripts_only(dual_franka_description)
[1.365s] DEBUG:colcon.colcon_core.event_handler.log_command:Invoked command in '/home/jhkim/ros2_ws/build/dual_franka_description' returned '0': CMAKE_PREFIX_PATH=/opt/ros/humble /usr/bin/cmake --install /home/jhkim/ros2_ws/build/dual_franka_description
[1.376s] Level 1:colcon.colcon_core.environment:checking '/home/jhkim/ros2_ws/install/dual_franka_description' for CMake module files
[1.377s] Level 1:colcon.colcon_core.environment:checking '/home/jhkim/ros2_ws/install/dual_franka_description' for CMake config files
[1.377s] Level 1:colcon.colcon_core.shell:create_environment_hook('dual_franka_description', 'cmake_prefix_path')
[1.377s] INFO:colcon.colcon_core.shell:Creating environment hook '/home/jhkim/ros2_ws/install/dual_franka_description/share/dual_franka_description/hook/cmake_prefix_path.ps1'
[1.377s] INFO:colcon.colcon_core.shell:Creating environment descriptor '/home/jhkim/ros2_ws/install/dual_franka_description/share/dual_franka_description/hook/cmake_prefix_path.dsv'
[1.378s] INFO:colcon.colcon_core.shell:Creating environment hook '/home/jhkim/ros2_ws/install/dual_franka_description/share/dual_franka_description/hook/cmake_prefix_path.sh'
[1.378s] Level 1:colcon.colcon_core.environment:checking '/home/jhkim/ros2_ws/install/dual_franka_description/bin'
[1.378s] Level 1:colcon.colcon_core.environment:checking '/home/jhkim/ros2_ws/install/dual_franka_description/lib/pkgconfig/dual_franka_description.pc'
[1.379s] Level 1:colcon.colcon_core.environment:checking '/home/jhkim/ros2_ws/install/dual_franka_description/lib/python3.10/site-packages'
[1.379s] Level 1:colcon.colcon_core.environment:checking '/home/jhkim/ros2_ws/install/dual_franka_description/bin'
[1.379s] INFO:colcon.colcon_core.shell:Creating package script '/home/jhkim/ros2_ws/install/dual_franka_description/share/dual_franka_description/package.ps1'
[1.379s] INFO:colcon.colcon_core.shell:Creating package descriptor '/home/jhkim/ros2_ws/install/dual_franka_description/share/dual_franka_description/package.dsv'
[1.380s] INFO:colcon.colcon_core.shell:Creating package script '/home/jhkim/ros2_ws/install/dual_franka_description/share/dual_franka_description/package.sh'
[1.380s] INFO:colcon.colcon_core.shell:Creating package script '/home/jhkim/ros2_ws/install/dual_franka_description/share/dual_franka_description/package.bash'
[1.381s] INFO:colcon.colcon_core.shell:Creating package script '/home/jhkim/ros2_ws/install/dual_franka_description/share/dual_franka_description/package.zsh'
[1.381s] Level 1:colcon.colcon_core.environment:create_file_with_runtime_dependencies(/home/jhkim/ros2_ws/install/dual_franka_description/share/colcon-core/packages/dual_franka_description)
[1.381s] Level 1:colcon.colcon_core.environment:create_environment_scripts_only(dual_franka_description)
[1.381s] Level 1:colcon.colcon_core.environment:checking '/home/jhkim/ros2_ws/install/dual_franka_description' for CMake module files
[1.382s] Level 1:colcon.colcon_core.environment:checking '/home/jhkim/ros2_ws/install/dual_franka_description' for CMake config files
[1.382s] Level 1:colcon.colcon_core.shell:create_environment_hook('dual_franka_description', 'cmake_prefix_path')
[1.382s] INFO:colcon.colcon_core.shell:Creating environment hook '/home/jhkim/ros2_ws/install/dual_franka_description/share/dual_franka_description/hook/cmake_prefix_path.ps1'
[1.382s] INFO:colcon.colcon_core.shell:Creating environment descriptor '/home/jhkim/ros2_ws/install/dual_franka_description/share/dual_franka_description/hook/cmake_prefix_path.dsv'
[1.382s] INFO:colcon.colcon_core.shell:Creating environment hook '/home/jhkim/ros2_ws/install/dual_franka_description/share/dual_franka_description/hook/cmake_prefix_path.sh'
[1.383s] Level 1:colcon.colcon_core.environment:checking '/home/jhkim/ros2_ws/install/dual_franka_description/bin'
[1.383s] Level 1:colcon.colcon_core.environment:checking '/home/jhkim/ros2_ws/install/dual_franka_description/lib/pkgconfig/dual_franka_description.pc'
[1.383s] Level 1:colcon.colcon_core.environment:checking '/home/jhkim/ros2_ws/install/dual_franka_description/lib/python3.10/site-packages'
[1.383s] Level 1:colcon.colcon_core.environment:checking '/home/jhkim/ros2_ws/install/dual_franka_description/bin'
[1.383s] INFO:colcon.colcon_core.shell:Creating package script '/home/jhkim/ros2_ws/install/dual_franka_description/share/dual_franka_description/package.ps1'
[1.383s] INFO:colcon.colcon_core.shell:Creating package descriptor '/home/jhkim/ros2_ws/install/dual_franka_description/share/dual_franka_description/package.dsv'
[1.383s] INFO:colcon.colcon_core.shell:Creating package script '/home/jhkim/ros2_ws/install/dual_franka_description/share/dual_franka_description/package.sh'
[1.384s] INFO:colcon.colcon_core.shell:Creating package script '/home/jhkim/ros2_ws/install/dual_franka_description/share/dual_franka_description/package.bash'
[1.384s] INFO:colcon.colcon_core.shell:Creating package script '/home/jhkim/ros2_ws/install/dual_franka_description/share/dual_franka_description/package.zsh'
[1.384s] Level 1:colcon.colcon_core.environment:create_file_with_runtime_dependencies(/home/jhkim/ros2_ws/install/dual_franka_description/share/colcon-core/packages/dual_franka_description)
[1.384s] DEBUG:colcon.colcon_parallel_executor.executor.parallel:closing loop
[1.384s] DEBUG:colcon.colcon_parallel_executor.executor.parallel:loop closed
[1.384s] DEBUG:colcon.colcon_parallel_executor.executor.parallel:run_until_complete finished with '0'
[1.384s] DEBUG:colcon.colcon_core.event_reactor:joining thread
[1.388s] INFO:colcon.colcon_core.plugin_system:Skipping extension 'colcon_notification.desktop_notification.terminal_notifier': Not used on non-Darwin systems
[1.388s] INFO:colcon.colcon_core.plugin_system:Skipping extension 'colcon_notification.desktop_notification.win32': Not used on non-Windows systems
[1.388s] INFO:colcon.colcon_notification.desktop_notification:Sending desktop notification using 'notify2'
[1.396s] DEBUG:colcon.colcon_core.event_reactor:joined thread
[1.397s] INFO:colcon.colcon_core.shell:Creating prefix script '/home/jhkim/ros2_ws/install/local_setup.ps1'
[1.397s] INFO:colcon.colcon_core.shell:Creating prefix util module '/home/jhkim/ros2_ws/install/_local_setup_util_ps1.py'
[1.398s] INFO:colcon.colcon_core.shell:Creating prefix chain script '/home/jhkim/ros2_ws/install/setup.ps1'
[1.398s] INFO:colcon.colcon_core.shell:Creating prefix script '/home/jhkim/ros2_ws/install/local_setup.sh'
[1.399s] INFO:colcon.colcon_core.shell:Creating prefix util module '/home/jhkim/ros2_ws/install/_local_setup_util_sh.py'
[1.399s] INFO:colcon.colcon_core.shell:Creating prefix chain script '/home/jhkim/ros2_ws/install/setup.sh'
[1.400s] INFO:colcon.colcon_core.shell:Creating prefix script '/home/jhkim/ros2_ws/install/local_setup.bash'
[1.400s] INFO:colcon.colcon_core.shell:Creating prefix chain script '/home/jhkim/ros2_ws/install/setup.bash'
[1.400s] INFO:colcon.colcon_core.shell:Creating prefix script '/home/jhkim/ros2_ws/install/local_setup.zsh'
[1.401s] INFO:colcon.colcon_core.shell:Creating prefix chain script '/home/jhkim/ros2_ws/install/setup.zsh'
