[0.010s] Invoking command in '/home/jhkim/ros2_ws/build/dual_franka_description': CMAKE_PREFIX_PATH=/opt/ros/humble /usr/bin/cmake /home/jhkim/ros2_ws/src/dual_franka_description -DAMENT_CMAKE_SYMLINK_INSTALL=1 -DCMAKE_INSTALL_PREFIX=/home/jhkim/ros2_ws/install/dual_franka_description
[0.091s] -- The C compiler identification is GNU 11.4.0
[0.159s] -- The CXX compiler identification is GNU 11.4.0
[0.167s] -- Detecting C compiler ABI info
[0.225s] -- Detecting C compiler ABI info - done
[0.230s] -- Check for working C compiler: /usr/bin/cc - skipped
[0.230s] -- Detecting C compile features
[0.231s] -- Detecting C compile features - done
[0.233s] -- Detecting CXX compiler ABI info
[0.298s] -- Detecting CXX compiler ABI info - done
[0.303s] -- Check for working CXX compiler: /usr/bin/c++ - skipped
[0.303s] -- Detecting CXX compile features
[0.304s] -- Detecting CXX compile features - done
[0.306s] -- Found ament_cmake: 1.3.12 (/opt/ros/humble/share/ament_cmake/cmake)
[0.399s] -- Found Python3: /usr/bin/python3 (found version "3.10.12") found components: Interpreter 
[0.432s] -- Override CMake install command with custom implementation using symlinks instead of copying resources
[0.458s] -- Found rclcpp: 16.0.16 (/opt/ros/humble/share/rclcpp/cmake)
[0.491s] -- Found rosidl_generator_c: 3.1.7 (/opt/ros/humble/share/rosidl_generator_c/cmake)
[0.495s] -- Found rosidl_adapter: 3.1.7 (/opt/ros/humble/share/rosidl_adapter/cmake)
[0.502s] -- Found rosidl_generator_cpp: 3.1.7 (/opt/ros/humble/share/rosidl_generator_cpp/cmake)
[0.511s] -- Using all available rosidl_typesupport_c: rosidl_typesupport_fastrtps_c;rosidl_typesupport_introspection_c
[0.522s] -- Using all available rosidl_typesupport_cpp: rosidl_typesupport_fastrtps_cpp;rosidl_typesupport_introspection_cpp
[0.554s] -- Found rmw_implementation_cmake: 6.1.2 (/opt/ros/humble/share/rmw_implementation_cmake/cmake)
[0.556s] -- Found rmw_fastrtps_cpp: 6.2.9 (/opt/ros/humble/share/rmw_fastrtps_cpp/cmake)
[0.625s] -- Found OpenSSL: /usr/lib/x86_64-linux-gnu/libcrypto.so (found version "3.0.2")  
[0.643s] -- Found FastRTPS: /opt/ros/humble/include  
[0.669s] -- Using RMW implementation 'rmw_fastrtps_cpp' as default
[0.676s] -- Looking for pthread.h
[0.727s] -- Looking for pthread.h - found
[0.727s] -- Performing Test CMAKE_HAVE_LIBC_PTHREAD
[0.773s] -- Performing Test CMAKE_HAVE_LIBC_PTHREAD - Success
[0.773s] -- Found Threads: TRUE  
[0.809s] -- Found ament_lint_auto: 0.12.14 (/opt/ros/humble/share/ament_lint_auto/cmake)
[0.855s] -- Added test 'lint_cmake' to check CMake code style
[0.856s] -- Added test 'xmllint' to check XML markup files
[0.857s] -- Configuring done
[0.860s] -- Generating done
[0.861s] -- Build files have been written to: /home/jhkim/ros2_ws/build/dual_franka_description
[0.868s] Invoked command in '/home/jhkim/ros2_ws/build/dual_franka_description' returned '0': CMAKE_PREFIX_PATH=/opt/ros/humble /usr/bin/cmake /home/jhkim/ros2_ws/src/dual_franka_description -DAMENT_CMAKE_SYMLINK_INSTALL=1 -DCMAKE_INSTALL_PREFIX=/home/jhkim/ros2_ws/install/dual_franka_description
[0.869s] Invoking command in '/home/jhkim/ros2_ws/build/dual_franka_description': CMAKE_PREFIX_PATH=/opt/ros/humble /usr/bin/cmake --build /home/jhkim/ros2_ws/build/dual_franka_description -- -j32 -l32
[0.893s] Invoked command in '/home/jhkim/ros2_ws/build/dual_franka_description' returned '0': CMAKE_PREFIX_PATH=/opt/ros/humble /usr/bin/cmake --build /home/jhkim/ros2_ws/build/dual_franka_description -- -j32 -l32
[0.899s] Invoking command in '/home/jhkim/ros2_ws/build/dual_franka_description': CMAKE_PREFIX_PATH=/opt/ros/humble /usr/bin/cmake --install /home/jhkim/ros2_ws/build/dual_franka_description
[0.904s] -- Install configuration: ""
[0.904s] -- Execute custom install script
[0.904s] -- Symlinking: /home/jhkim/ros2_ws/install/dual_franka_description/share/ament_index/resource_index/package_run_dependencies/dual_franka_description
[0.910s] -- Symlinking: /home/jhkim/ros2_ws/install/dual_franka_description/share/ament_index/resource_index/parent_prefix_path/dual_franka_description
[0.916s] -- Symlinking: /home/jhkim/ros2_ws/install/dual_franka_description/share/dual_franka_description/environment/ament_prefix_path.sh
[0.921s] -- Symlinking: /home/jhkim/ros2_ws/install/dual_franka_description/share/dual_franka_description/environment/ament_prefix_path.dsv
[0.926s] -- Symlinking: /home/jhkim/ros2_ws/install/dual_franka_description/share/dual_franka_description/environment/path.sh
[0.931s] -- Symlinking: /home/jhkim/ros2_ws/install/dual_franka_description/share/dual_franka_description/environment/path.dsv
[0.936s] -- Symlinking: /home/jhkim/ros2_ws/install/dual_franka_description/share/dual_franka_description/local_setup.bash
[0.942s] -- Symlinking: /home/jhkim/ros2_ws/install/dual_franka_description/share/dual_franka_description/local_setup.sh
[0.948s] -- Symlinking: /home/jhkim/ros2_ws/install/dual_franka_description/share/dual_franka_description/local_setup.zsh
[0.953s] -- Symlinking: /home/jhkim/ros2_ws/install/dual_franka_description/share/dual_franka_description/local_setup.dsv
[0.959s] -- Symlinking: /home/jhkim/ros2_ws/install/dual_franka_description/share/dual_franka_description/package.dsv
[0.964s] -- Symlinking: /home/jhkim/ros2_ws/install/dual_franka_description/share/ament_index/resource_index/packages/dual_franka_description
[0.970s] -- Symlinking: /home/jhkim/ros2_ws/install/dual_franka_description/share/dual_franka_description/cmake/dual_franka_descriptionConfig.cmake
[0.975s] -- Symlinking: /home/jhkim/ros2_ws/install/dual_franka_description/share/dual_franka_description/cmake/dual_franka_descriptionConfig-version.cmake
[0.980s] -- Symlinking: /home/jhkim/ros2_ws/install/dual_franka_description/share/dual_franka_description/package.xml
[0.987s] Invoked command in '/home/jhkim/ros2_ws/build/dual_franka_description' returned '0': CMAKE_PREFIX_PATH=/opt/ros/humble /usr/bin/cmake --install /home/jhkim/ros2_ws/build/dual_franka_description
